#
# A fatal error has been detected by the Java Runtime Environment:
#
#  EXCEPTION_ACCESS_VIOLATION (0xc0000005) at pc=0x00007ffdd21995aa, pid=17596, tid=12044
#
# JRE version: OpenJDK Runtime Environment Temurin-17.0.4.1+1 (17.0.4.1+1) (build 17.0.4.1+1)
# Java VM: OpenJDK 64-Bit Server VM Temurin-17.0.4.1+1 (17.0.4.1+1, mixed mode, sharing, tiered, compressed oops, compressed class ptrs, g1 gc, windows-amd64)
# Problematic frame:
# C  [igxelpicd64.dll+0x2895aa]
#
# No core dump will be written. Minidumps are not enabled by default on client versions of Windows
#
# If you would like to submit a bug report, please visit:
#   https://github.com/adoptium/adoptium-support/issues
#

---------------  S U M M A R Y ------------

Command Line: -javaagent:C:\Users\pk264\AppData\Local\JetBrains\IdeaIC2022.1\testAgent\intellij-coverage-agent-1.0.656.jar=C:\Users\pk264\AppData\Local\Temp\coverage54args -Didea.new.sampling.coverage=true -Dcoverage.ignore.private.constructor.util.class=true -javaagent:C:\Program Files\JetBrains\IntelliJ IDEA Community Edition 2022.1.2\lib\idea_rt.jar=57398:C:\Program Files\JetBrains\IntelliJ IDEA Community Edition 2022.1.2\bin -Dfile.encoding=UTF-8 com.mygdx.game.DesktopLauncher

Host: 11th Gen Intel(R) Core(TM) i5-1135G7 @ 2.40GHz, 8 cores, 7G,  Windows 11 , 64 bit Build 25247 (10.0.25247.1000)
Time: Sat Nov 26 03:23:14 2022 India Standard Time elapsed time: 821.454028 seconds (0d 0h 13m 41s)

---------------  T H R E A D  ---------------

Current thread (0x000002c0f6549010):  VMThread "VM Thread" [stack: 0x000000c99d800000,0x000000c99d900000] [id=12044]

Stack: [0x000000c99d800000,0x000000c99d900000],  sp=0x000000c99d8fe2e0,  free space=1016k
Native frames: (J=compiled Java code, j=interpreted, Vv=VM code, C=native code)
C  [igxelpicd64.dll+0x2895aa]


siginfo: EXCEPTION_ACCESS_VIOLATION (0xc0000005), reading address 0x0000000000035f88


Register to memory mapping:

RIP=0x00007ffdd21995aa igxelpicd64.dll
RAX=0x000002c0f8afa238 points into unknown readable memory: 0x0000000000b40b03 | 03 0b b4 00 00 00 00 00
RBX=0x0 is NULL
RCX=0x0 is NULL
RDX=0x00000000fffffff0 is an unallocated location in the heap
RSP=0x000000c99d8fe2e0 points into unknown readable memory: 0x000002c0f7daab80 | 80 ab da f7 c0 02 00 00
RBP=0x000000c99d8fe348 points into unknown readable memory: 0x0000000000000014 | 14 00 00 00 00 00 00 00
RSI=0x000002c0f8251360 points into unknown readable memory: 0x000002c0f85b8a00 | 00 8a 5b f8 c0 02 00 00
RDI=0x0 is NULL
R8 =0x0 is NULL
R9 =0x0 is NULL
R10=0x000002c0f8afa708 points into unknown readable memory: 0x000002c0f887d340 | 40 d3 87 f8 c0 02 00 00
R11=0x0000000000000246 is an unknown value
R12=0x000002c0f8343c08 points into unknown readable memory: 0x0000000000040000 | 00 00 04 00 00 00 00 00
R13=0x0 is NULL
R14=0x000002c0f8afa130 points into unknown readable memory: 0x000002c0f7d98260 | 60 82 d9 f7 c0 02 00 00
R15=0x0000000000000016 is an unknown value


Registers:
RAX=0x000002c0f8afa238, RBX=0x0000000000000000, RCX=0x0000000000000000, RDX=0x00000000fffffff0
RSP=0x000000c99d8fe2e0, RBP=0x000000c99d8fe348, RSI=0x000002c0f8251360, RDI=0x0000000000000000
R8 =0x0000000000000000, R9 =0x0000000000000000, R10=0x000002c0f8afa708, R11=0x0000000000000246
R12=0x000002c0f8343c08, R13=0x0000000000000000, R14=0x000002c0f8afa130, R15=0x0000000000000016
RIP=0x00007ffdd21995aa, EFLAGS=0x0000000000010202

Top of Stack: (sp=0x000000c99d8fe2e0)
0x000000c99d8fe2e0:   000002c0f7daab80 0000000000000000
0x000000c99d8fe2f0:   000000c99d8fe490 00007ffe58de0db9
0x000000c99d8fe300:   000002c0f887d340 0000000000000000
0x000000c99d8fe310:   000002c0f7daab80 000002c0f8afa708
0x000000c99d8fe320:   00007ffe004397bc 00007ffe5adb3e94
0x000000c99d8fe330:   0000000000000011 000000c99d8fe390
0x000000c99d8fe340:   00007ffe0006853b 0000000000000014
0x000000c99d8fe350:   0000000000b40b0d 0000b8021b550000
0x000000c99d8fe360:   000002c0f8343c08 0000000000000000
0x000000c99d8fe370:   0000000000000000 000002c0f8251360
0x000000c99d8fe380:   000000c99d8fe490 00007ffdd1f91d5f
0x000000c99d8fe390:   000002c0f8251300 0000000000000016
0x000000c99d8fe3a0:   0000000000000000 000000c99d8fe700
0x000000c99d8fe3b0:   000000c900003d10 00007ffe00000000
0x000000c99d8fe3c0:   0000000000000000 0053002b002b0033
0x000000c99d8fe3d0:   00000206002b002b 000002c0d6050b80 

Instructions: (pc=0x00007ffdd21995aa)
0x00007ffdd21994aa:   25 58 00 00 00 41 bd 20 00 00 00 48 8b 04 f8 4e
0x00007ffdd21994ba:   8b 2c 28 40 8a 7d 58 4c 3b 2d 10 be d5 00 45 0f
0x00007ffdd21994ca:   44 f8 44 89 7d 50 48 85 c9 0f 84 68 07 00 00 33
0x00007ffdd21994da:   db 4c 8b f1 4c 8d 91 d8 05 00 00 4c 89 55 d0 49
0x00007ffdd21994ea:   8b 02 48 89 45 b8 40 84 ff 74 10 48 8b d1 48 8b
0x00007ffdd21994fa:   09 e8 40 ca df ff e9 ef 06 00 00 44 8b 86 c8 01
0x00007ffdd219950a:   00 00 48 8b 05 cd 5e c5 00 83 b8 78 03 00 00 02
0x00007ffdd219951a:   0f 85 1d 02 00 00 41 8d 50 f0 41 83 f8 10 73 11
0x00007ffdd219952a:   4a 8d 04 c5 21 00 00 00 49 03 c0 48 8d 04 c1 eb
0x00007ffdd219953a:   5b 8b c2 c1 e8 04 83 f8 03 73 1f 0f ae e8 8b ca
0x00007ffdd219954a:   83 e1 0f 4d 8b 8c c6 88 05 00 00 4d 85 c9 74 21
0x00007ffdd219955a:   48 8d 0c c9 49 8d 04 c9 eb 32 48 8b 81 a0 05 00
0x00007ffdd219956a:   00 eb 09 44 39 00 74 2f 48 8b 40 50 48 85 c0 75
0x00007ffdd219957a:   f2 41 38 9e a8 05 00 00 74 23 41 8b c0 83 e0 0f
0x00007ffdd219958a:   48 8d 04 c0 48 8d 40 21 49 8d 04 c6 48 85 c0 74
0x00007ffdd219959a:   0c 48 8b 48 08 eb 09 48 83 c0 08 eb ef 48 8b cb
0x00007ffdd21995aa:   49 3b 8d 88 5f 03 00 0f 86 86 01 00 00 41 83 f8
0x00007ffdd21995ba:   10 73 0d 4a 8d 04 c5 21 00 00 00 49 03 c0 eb 55
0x00007ffdd21995ca:   8b c2 c1 e8 04 83 f8 03 73 1d 0f ae e8 83 e2 0f
0x00007ffdd21995da:   4d 8b 8c c6 88 05 00 00 4d 85 c9 74 21 48 8d 0c
0x00007ffdd21995ea:   d2 49 8d 04 c9 eb 32 49 8b 86 a0 05 00 00 eb 09
0x00007ffdd21995fa:   44 39 00 74 2f 48 8b 40 50 48 85 c0 75 f2 41 38
0x00007ffdd219960a:   9e a8 05 00 00 74 23 41 8b c0 83 e0 0f 48 8d 04
0x00007ffdd219961a:   c0 48 8d 40 21 49 8d 04 c6 48 85 c0 74 0c 48 8b
0x00007ffdd219962a:   48 08 eb 09 48 83 c0 08 eb ef 48 8b cb 49 3b 8e
0x00007ffdd219963a:   50 06 00 00 0f 86 f9 00 00 00 48 8b 86 78 02 00
0x00007ffdd219964a:   00 49 89 02 4c 89 b6 78 02 00 00 ff 86 80 02 00
0x00007ffdd219965a:   00 49 8b 46 08 48 8b 88 18 01 00 00 48 81 e1 00
0x00007ffdd219966a:   00 ff ff 48 81 c1 00 00 01 00 48 01 8e 88 02 00
0x00007ffdd219967a:   00 ba 01 00 00 00 49 8b 4e 08 e8 17 34 db ff 48
0x00007ffdd219968a:   01 86 a0 02 00 00 45 85 ff 0f 84 9a 00 00 00 49
0x00007ffdd219969a:   8b 9d 28 57 03 00 0f 57 c0 f3 0f 7f 45 d8 45 33 


Stack slot to memory mapping:
stack at sp + 0 slots: 0x000002c0f7daab80 points into unknown readable memory: 0xffffffffffffffff | ff ff ff ff ff ff ff ff
stack at sp + 1 slots: 0x0 is NULL
stack at sp + 2 slots: 0x000000c99d8fe490 points into unknown readable memory: 0x0000000000000000 | 00 00 00 00 00 00 00 00
stack at sp + 3 slots: 0x00007ffe58de0db9 USER32.dll
stack at sp + 4 slots: 0x000002c0f887d340 points into unknown readable memory: 0x000002c0f7d98260 | 60 82 d9 f7 c0 02 00 00
stack at sp + 5 slots: 0x0 is NULL
stack at sp + 6 slots: 0x000002c0f7daab80 points into unknown readable memory: 0xffffffffffffffff | ff ff ff ff ff ff ff ff
stack at sp + 7 slots: 0x000002c0f8afa708 points into unknown readable memory: 0x000002c0f887d340 | 40 d3 87 f8 c0 02 00 00

VM_Operation (0x000000c99d0ff360): Exit, mode: safepoint, requested by thread 0x000002c0f70d2710


---------------  P R O C E S S  ---------------

Threads class SMR info:
_java_thread_list=0x000002c0f72ecb00, length=13, elements={
0x000002c0d83f1cb0, 0x000002c0f654a990, 0x000002c0f654b340, 0x000002c0f6559d40,
0x000002c0f655a6f0, 0x000002c0f655d0b0, 0x000002c0f65605b0, 0x000002c0f6562bc0,
0x000002c0f65675e0, 0x000002c0f70d30b0, 0x000002c0f70d3580, 0x000002c0f70d60d0,
0x000002c0f70d2710
}

Java Threads: ( => current thread )
  0x000002c0d83f1cb0 JavaThread "main" [_thread_blocked, id=18848, stack(0x000000c99d200000,0x000000c99d300000)]
  0x000002c0f654a990 JavaThread "Reference Handler" daemon [_thread_blocked, id=3744, stack(0x000000c99d900000,0x000000c99da00000)]
  0x000002c0f654b340 JavaThread "Finalizer" daemon [_thread_blocked, id=15160, stack(0x000000c99da00000,0x000000c99db00000)]
  0x000002c0f6559d40 JavaThread "Attach Listener" daemon [_thread_blocked, id=2920, stack(0x000000c99dc00000,0x000000c99dd00000)]
  0x000002c0f655a6f0 JavaThread "Service Thread" daemon [_thread_blocked, id=15528, stack(0x000000c99dd00000,0x000000c99de00000)]
  0x000002c0f655d0b0 JavaThread "Monitor Deflation Thread" daemon [_thread_blocked, id=4492, stack(0x000000c99de00000,0x000000c99df00000)]
  0x000002c0f65605b0 JavaThread "C2 CompilerThread0" daemon [_thread_blocked, id=18456, stack(0x000000c99df00000,0x000000c99e000000)]
  0x000002c0f6562bc0 JavaThread "C1 CompilerThread0" daemon [_thread_blocked, id=16480, stack(0x000000c99e000000,0x000000c99e100000)]
  0x000002c0f65675e0 JavaThread "Sweeper thread" daemon [_thread_blocked, id=8592, stack(0x000000c99e100000,0x000000c99e200000)]
  0x000002c0f70d30b0 JavaThread "Common-Cleaner" daemon [_thread_blocked, id=10396, stack(0x000000c99e200000,0x000000c99e300000)]
  0x000002c0f70d3580 JavaThread "Monitor Ctrl-Break" daemon [_thread_in_native, id=2516, stack(0x000000c99e300000,0x000000c99e400000)]
  0x000002c0f70d60d0 JavaThread "Notification Thread" daemon [_thread_blocked, id=4428, stack(0x000000c99e400000,0x000000c99e500000)]
  0x000002c0f70d2710 JavaThread "SIGINT handler" daemon [_thread_blocked, id=19228, stack(0x000000c99d000000,0x000000c99d100000)]

Other Threads:
=>0x000002c0f6549010 VMThread "VM Thread" [stack: 0x000000c99d800000,0x000000c99d900000] [id=12044]
  0x000002c0d84134f0 GCTaskThread "GC Thread#0" [stack: 0x000000c99d300000,0x000000c99d400000] [id=12904]
  0x000002c0f8658040 GCTaskThread "GC Thread#1" [stack: 0x000000c99ef00000,0x000000c99f000000] [id=13508]
  0x000002c0f7c49fb0 GCTaskThread "GC Thread#2" [stack: 0x000000c99f000000,0x000000c99f100000] [id=6288]
  0x000002c0f8638210 GCTaskThread "GC Thread#3" [stack: 0x000000c99f100000,0x000000c99f200000] [id=6548]
  0x000002c0f863a4d0 GCTaskThread "GC Thread#4" [stack: 0x000000c99f200000,0x000000c99f300000] [id=19300]
  0x000002c0f863a780 GCTaskThread "GC Thread#5" [stack: 0x000000c99f300000,0x000000c99f400000] [id=2172]
  0x000002c0f863aa30 GCTaskThread "GC Thread#6" [stack: 0x000000c99f400000,0x000000c99f500000] [id=10080]
  0x000002c0f863b500 GCTaskThread "GC Thread#7" [stack: 0x000000c99f500000,0x000000c99f600000] [id=13800]
  0x000002c0d845dab0 ConcurrentGCThread "G1 Main Marker" terminated
  0x000002c0d845fa20 ConcurrentGCThread "G1 Conc#0" [stack: 0x000000c99d500000,0x000000c99d600000] [id=20460]
  0x000002c0f87faee0 ConcurrentGCThread "G1 Conc#1" [stack: 0x000000c99fa00000,0x000000c99fb00000] [id=10576]
  0x000002c0f63eb9a0 ConcurrentGCThread "G1 Refine#0" terminated
  0x000002c0f85e4ef0 ConcurrentGCThread "G1 Refine#1" terminated
  0x000002c0f86d9b70 ConcurrentGCThread "G1 Refine#2" terminated
  0x000002c0f8807730 ConcurrentGCThread "G1 Refine#3" terminated
  0x000002c0f87e02a0 ConcurrentGCThread "G1 Refine#4" terminated
  0x000002c0f86e2ec0 ConcurrentGCThread "G1 Refine#5" terminated
  0x000002c0f63ee080 ConcurrentGCThread "G1 Service" terminated

Threads with active compile tasks:

VM state: at safepoint (shutting down)

VM Mutex/Monitor currently owned by a thread:  ([mutex/lock_event])
[0x000002c0d83ec0c0] Threads_lock - owner thread: 0x000002c0f6549010
[0x000002c0d83ecb70] Heap_lock - owner thread: 0x000002c0f70d2710

Heap address: 0x0000000084c00000, size: 1972 MB, Compressed Oops mode: 32-bit

CDS archive(s) mapped at: [0x0000000800000000-0x0000000800bc0000-0x0000000800bc0000), size 12320768, SharedBaseAddress: 0x0000000800000000, ArchiveRelocationMode: 0.
Compressed class space mapped at: 0x0000000800c00000-0x0000000840c00000, reserved size: 1073741824
Narrow klass base: 0x0000000800000000, Narrow klass shift: 0, Narrow klass range: 0x100000000

GC Precious Log:
 CPUs: 8 total, 8 available
 Memory: 7886M
 Large Page Support: Disabled
 NUMA Support: Disabled
 Compressed Oops: Enabled (32-bit)
 Heap Region Size: 1M
 Heap Min Capacity: 8M
 Heap Initial Capacity: 124M
 Heap Max Capacity: 1972M
 Pre-touch: Disabled
 Parallel Workers: 8
 Concurrent Workers: 2
 Concurrent Refinement Workers: 8
 Periodic GC: Disabled

Heap:
 garbage-first heap   total 178176K, used 56320K [0x0000000084c00000, 0x0000000100000000)
  region size 1024K, 14 young (14336K), 2 survivors (2048K)
 Metaspace       used 6931K, committed 7104K, reserved 1056768K
  class space    used 502K, committed 576K, reserved 1048576K

Heap Regions: E=young(eden), S=young(survivor), O=old, HS=humongous(starts), HC=humongous(continues), CS=collection set, F=free, OA=open archive, CA=closed archive, TAMS=top-at-mark-start (previous, next)
|   0|0x0000000084c00000, 0x0000000084d00000, 0x0000000084d00000|100%| O|  |TAMS 0x0000000084d00000, 0x0000000084c00000| Untracked 
|   1|0x0000000084d00000, 0x0000000084e00000, 0x0000000084e00000|100%| O|  |TAMS 0x0000000084e00000, 0x0000000084d00000| Untracked 
|   2|0x0000000084e00000, 0x0000000084f00000, 0x0000000084f00000|100%| O|  |TAMS 0x0000000084f00000, 0x0000000084e00000| Untracked 
|   3|0x0000000084f00000, 0x0000000084f00000, 0x0000000085000000|  0%| F|  |TAMS 0x0000000084f00000, 0x0000000084f00000| Untracked 
|   4|0x0000000085000000, 0x0000000085000000, 0x0000000085100000|  0%| F|  |TAMS 0x0000000085000000, 0x0000000085000000| Untracked 
|   5|0x0000000085100000, 0x0000000085100000, 0x0000000085200000|  0%| F|  |TAMS 0x0000000085100000, 0x0000000085100000| Untracked 
|   6|0x0000000085200000, 0x0000000085200000, 0x0000000085300000|  0%| F|  |TAMS 0x0000000085200000, 0x0000000085200000| Untracked 
|   7|0x0000000085300000, 0x0000000085300000, 0x0000000085400000|  0%| F|  |TAMS 0x0000000085300000, 0x0000000085300000| Untracked 
|   8|0x0000000085400000, 0x0000000085400000, 0x0000000085500000|  0%| F|  |TAMS 0x0000000085400000, 0x0000000085400000| Untracked 
|   9|0x0000000085500000, 0x0000000085500000, 0x0000000085600000|  0%| F|  |TAMS 0x0000000085500000, 0x0000000085500000| Untracked 
|  10|0x0000000085600000, 0x0000000085600000, 0x0000000085700000|  0%| F|  |TAMS 0x0000000085600000, 0x0000000085600000| Untracked 
|  11|0x0000000085700000, 0x0000000085700000, 0x0000000085800000|  0%| F|  |TAMS 0x0000000085700000, 0x0000000085700000| Untracked 
|  12|0x0000000085800000, 0x0000000085800000, 0x0000000085900000|  0%| F|  |TAMS 0x0000000085800000, 0x0000000085800000| Untracked 
|  13|0x0000000085900000, 0x0000000085900000, 0x0000000085a00000|  0%| F|  |TAMS 0x0000000085900000, 0x0000000085900000| Untracked 
|  14|0x0000000085a00000, 0x0000000085a00000, 0x0000000085b00000|  0%| F|  |TAMS 0x0000000085a00000, 0x0000000085a00000| Untracked 
|  15|0x0000000085b00000, 0x0000000085b00000, 0x0000000085c00000|  0%| F|  |TAMS 0x0000000085b00000, 0x0000000085b00000| Untracked 
|  16|0x0000000085c00000, 0x0000000085c00000, 0x0000000085d00000|  0%| F|  |TAMS 0x0000000085c00000, 0x0000000085c00000| Untracked 
|  17|0x0000000085d00000, 0x0000000085d00000, 0x0000000085e00000|  0%| F|  |TAMS 0x0000000085d00000, 0x0000000085d00000| Untracked 
|  18|0x0000000085e00000, 0x0000000085e00000, 0x0000000085f00000|  0%| F|  |TAMS 0x0000000085e00000, 0x0000000085e00000| Untracked 
|  19|0x0000000085f00000, 0x0000000086000000, 0x0000000086000000|100%| O|  |TAMS 0x0000000086000000, 0x0000000085f00000| Untracked 
|  20|0x0000000086000000, 0x0000000086000000, 0x0000000086100000|  0%| F|  |TAMS 0x0000000086000000, 0x0000000086000000| Untracked 
|  21|0x0000000086100000, 0x0000000086100000, 0x0000000086200000|  0%| F|  |TAMS 0x0000000086100000, 0x0000000086100000| Untracked 
|  22|0x0000000086200000, 0x0000000086200000, 0x0000000086300000|  0%| F|  |TAMS 0x0000000086200000, 0x0000000086200000| Untracked 
|  23|0x0000000086300000, 0x0000000086400000, 0x0000000086400000|100%|HS|  |TAMS 0x0000000086400000, 0x0000000086300000| Complete 
|  24|0x0000000086400000, 0x0000000086500000, 0x0000000086500000|100%|HC|  |TAMS 0x0000000086500000, 0x0000000086400000| Complete 
|  25|0x0000000086500000, 0x0000000086600000, 0x0000000086600000|100%|HC|  |TAMS 0x0000000086600000, 0x0000000086500000| Complete 
|  26|0x0000000086600000, 0x0000000086700000, 0x0000000086700000|100%|HC|  |TAMS 0x0000000086700000, 0x0000000086600000| Complete 
|  27|0x0000000086700000, 0x0000000086800000, 0x0000000086800000|100%|HS|  |TAMS 0x0000000086800000, 0x0000000086700000| Complete 
|  28|0x0000000086800000, 0x0000000086900000, 0x0000000086900000|100%|HC|  |TAMS 0x0000000086900000, 0x0000000086800000| Complete 
|  29|0x0000000086900000, 0x0000000086a00000, 0x0000000086a00000|100%|HC|  |TAMS 0x0000000086a00000, 0x0000000086900000| Complete 
|  30|0x0000000086a00000, 0x0000000086b00000, 0x0000000086b00000|100%|HC|  |TAMS 0x0000000086b00000, 0x0000000086a00000| Complete 
|  31|0x0000000086b00000, 0x0000000086c00000, 0x0000000086c00000|100%| O|  |TAMS 0x0000000086c00000, 0x0000000086b00000| Untracked 
|  32|0x0000000086c00000, 0x0000000086c00000, 0x0000000086d00000|  0%| F|  |TAMS 0x0000000086c00000, 0x0000000086c00000| Untracked 
|  33|0x0000000086d00000, 0x0000000086d00000, 0x0000000086e00000|  0%| F|  |TAMS 0x0000000086d00000, 0x0000000086d00000| Untracked 
|  34|0x0000000086e00000, 0x0000000086f00000, 0x0000000086f00000|100%| O|  |TAMS 0x0000000086f00000, 0x0000000086e00000| Untracked 
|  35|0x0000000086f00000, 0x0000000087000000, 0x0000000087000000|100%| O|  |TAMS 0x0000000087000000, 0x0000000086f00000| Untracked 
|  36|0x0000000087000000, 0x0000000087100000, 0x0000000087100000|100%| O|  |TAMS 0x0000000087100000, 0x0000000087000000| Untracked 
|  37|0x0000000087100000, 0x0000000087200000, 0x0000000087200000|100%| O|  |TAMS 0x0000000087200000, 0x0000000087100000| Untracked 
|  38|0x0000000087200000, 0x0000000087300000, 0x0000000087300000|100%| O|  |TAMS 0x0000000087300000, 0x0000000087200000| Untracked 
|  39|0x0000000087300000, 0x0000000087300000, 0x0000000087400000|  0%| F|  |TAMS 0x0000000087300000, 0x0000000087300000| Untracked 
|  40|0x0000000087400000, 0x0000000087400000, 0x0000000087500000|  0%| F|  |TAMS 0x0000000087400000, 0x0000000087400000| Untracked 
|  41|0x0000000087500000, 0x0000000087600000, 0x0000000087600000|100%| O|  |TAMS 0x0000000087600000, 0x0000000087500000| Complete 
|  42|0x0000000087600000, 0x0000000087600000, 0x0000000087700000|  0%| F|  |TAMS 0x0000000087600000, 0x0000000087600000| Untracked 
|  43|0x0000000087700000, 0x0000000087700000, 0x0000000087800000|  0%| F|  |TAMS 0x0000000087700000, 0x0000000087700000| Untracked 
|  44|0x0000000087800000, 0x0000000087800000, 0x0000000087900000|  0%| F|  |TAMS 0x0000000087800000, 0x0000000087800000| Untracked 
|  45|0x0000000087900000, 0x0000000087900000, 0x0000000087a00000|  0%| F|  |TAMS 0x0000000087900000, 0x0000000087900000| Untracked 
|  46|0x0000000087a00000, 0x0000000087a00000, 0x0000000087b00000|  0%| F|  |TAMS 0x0000000087a00000, 0x0000000087a00000| Untracked 
|  47|0x0000000087b00000, 0x0000000087b00000, 0x0000000087c00000|  0%| F|  |TAMS 0x0000000087b00000, 0x0000000087b00000| Untracked 
|  48|0x0000000087c00000, 0x0000000087c00000, 0x0000000087d00000|  0%| F|  |TAMS 0x0000000087c00000, 0x0000000087c00000| Untracked 
|  49|0x0000000087d00000, 0x0000000087d00000, 0x0000000087e00000|  0%| F|  |TAMS 0x0000000087d00000, 0x0000000087d00000| Untracked 
|  50|0x0000000087e00000, 0x0000000087f00000, 0x0000000087f00000|100%| O|  |TAMS 0x0000000087f00000, 0x0000000087e00000| Untracked 
|  51|0x0000000087f00000, 0x0000000088000000, 0x0000000088000000|100%| O|  |TAMS 0x0000000088000000, 0x0000000087f00000| Untracked 
|  52|0x0000000088000000, 0x0000000088100000, 0x0000000088100000|100%| O|  |TAMS 0x0000000088100000, 0x0000000088000000| Untracked 
|  53|0x0000000088100000, 0x0000000088200000, 0x0000000088200000|100%| O|  |TAMS 0x0000000088200000, 0x0000000088100000| Untracked 
|  54|0x0000000088200000, 0x0000000088300000, 0x0000000088300000|100%| O|  |TAMS 0x0000000088300000, 0x0000000088200000| Untracked 
|  55|0x0000000088300000, 0x0000000088300000, 0x0000000088400000|  0%| F|  |TAMS 0x0000000088300000, 0x0000000088300000| Untracked 
|  56|0x0000000088400000, 0x0000000088400000, 0x0000000088500000|  0%| F|  |TAMS 0x0000000088400000, 0x0000000088400000| Untracked 
|  57|0x0000000088500000, 0x0000000088500000, 0x0000000088600000|  0%| F|  |TAMS 0x0000000088500000, 0x0000000088500000| Untracked 
|  58|0x0000000088600000, 0x0000000088600000, 0x0000000088700000|  0%| F|  |TAMS 0x0000000088600000, 0x0000000088600000| Untracked 
|  59|0x0000000088700000, 0x0000000088800000, 0x0000000088800000|100%| O|  |TAMS 0x0000000088800000, 0x0000000088700000| Untracked 
|  60|0x0000000088800000, 0x0000000088800000, 0x0000000088900000|  0%| F|  |TAMS 0x0000000088800000, 0x0000000088800000| Untracked 
|  61|0x0000000088900000, 0x0000000088900000, 0x0000000088a00000|  0%| F|  |TAMS 0x0000000088900000, 0x0000000088900000| Untracked 
|  62|0x0000000088a00000, 0x0000000088a00000, 0x0000000088b00000|  0%| F|  |TAMS 0x0000000088a00000, 0x0000000088a00000| Untracked 
|  63|0x0000000088b00000, 0x0000000088b00000, 0x0000000088c00000|  0%| F|  |TAMS 0x0000000088b00000, 0x0000000088b00000| Untracked 
|  64|0x0000000088c00000, 0x0000000088c00000, 0x0000000088d00000|  0%| F|  |TAMS 0x0000000088c00000, 0x0000000088c00000| Untracked 
|  65|0x0000000088d00000, 0x0000000088d00000, 0x0000000088e00000|  0%| F|  |TAMS 0x0000000088d00000, 0x0000000088d00000| Untracked 
|  66|0x0000000088e00000, 0x0000000088e00000, 0x0000000088f00000|  0%| F|  |TAMS 0x0000000088e00000, 0x0000000088e00000| Untracked 
|  67|0x0000000088f00000, 0x0000000088f00000, 0x0000000089000000|  0%| F|  |TAMS 0x0000000088f00000, 0x0000000088f00000| Untracked 
|  68|0x0000000089000000, 0x0000000089000000, 0x0000000089100000|  0%| F|  |TAMS 0x0000000089000000, 0x0000000089000000| Untracked 
|  69|0x0000000089100000, 0x0000000089100000, 0x0000000089200000|  0%| F|  |TAMS 0x0000000089100000, 0x0000000089100000| Untracked 
|  70|0x0000000089200000, 0x0000000089200000, 0x0000000089300000|  0%| F|  |TAMS 0x0000000089200000, 0x0000000089200000| Untracked 
|  71|0x0000000089300000, 0x0000000089300000, 0x0000000089400000|  0%| F|  |TAMS 0x0000000089300000, 0x0000000089300000| Untracked 
|  72|0x0000000089400000, 0x0000000089400000, 0x0000000089500000|  0%| F|  |TAMS 0x0000000089400000, 0x0000000089400000| Untracked 
|  73|0x0000000089500000, 0x0000000089500000, 0x0000000089600000|  0%| F|  |TAMS 0x0000000089500000, 0x0000000089500000| Untracked 
|  74|0x0000000089600000, 0x0000000089700000, 0x0000000089700000|100%| O|  |TAMS 0x0000000089700000, 0x0000000089600000| Untracked 
|  75|0x0000000089700000, 0x0000000089800000, 0x0000000089800000|100%| O|  |TAMS 0x0000000089800000, 0x0000000089700000| Untracked 
|  76|0x0000000089800000, 0x0000000089900000, 0x0000000089900000|100%| O|  |TAMS 0x0000000089900000, 0x0000000089800000| Untracked 
|  77|0x0000000089900000, 0x0000000089a00000, 0x0000000089a00000|100%| O|  |TAMS 0x0000000089a00000, 0x0000000089900000| Untracked 
|  78|0x0000000089a00000, 0x0000000089b00000, 0x0000000089b00000|100%| O|  |TAMS 0x0000000089b00000, 0x0000000089a00000| Untracked 
|  79|0x0000000089b00000, 0x0000000089c00000, 0x0000000089c00000|100%| O|  |TAMS 0x0000000089c00000, 0x0000000089b00000| Untracked 
|  80|0x0000000089c00000, 0x0000000089d00000, 0x0000000089d00000|100%| O|  |TAMS 0x0000000089c7aa00, 0x0000000089c00000| Untracked 
|  81|0x0000000089d00000, 0x0000000089e00000, 0x0000000089e00000|100%| O|  |TAMS 0x0000000089d00000, 0x0000000089d00000| Untracked 
|  82|0x0000000089e00000, 0x0000000089f00000, 0x0000000089f00000|100%| O|  |TAMS 0x0000000089e00000, 0x0000000089e00000| Untracked 
|  83|0x0000000089f00000, 0x000000008a000000, 0x000000008a000000|100%| O|  |TAMS 0x0000000089f00000, 0x0000000089f00000| Untracked 
|  84|0x000000008a000000, 0x000000008a100000, 0x000000008a100000|100%| O|  |TAMS 0x000000008a000000, 0x000000008a000000| Untracked 
|  85|0x000000008a100000, 0x000000008a200000, 0x000000008a200000|100%| O|  |TAMS 0x000000008a100000, 0x000000008a100000| Untracked 
|  86|0x000000008a200000, 0x000000008a300000, 0x000000008a300000|100%| O|  |TAMS 0x000000008a200000, 0x000000008a200000| Untracked 
|  87|0x000000008a300000, 0x000000008a400000, 0x000000008a400000|100%| O|  |TAMS 0x000000008a300000, 0x000000008a300000| Untracked 
|  88|0x000000008a400000, 0x000000008a500000, 0x000000008a500000|100%| O|  |TAMS 0x000000008a400000, 0x000000008a400000| Untracked 
|  89|0x000000008a500000, 0x000000008a600000, 0x000000008a600000|100%| O|  |TAMS 0x000000008a500000, 0x000000008a500000| Untracked 
|  90|0x000000008a600000, 0x000000008a700000, 0x000000008a700000|100%| O|  |TAMS 0x000000008a600000, 0x000000008a600000| Untracked 
|  91|0x000000008a700000, 0x000000008a700000, 0x000000008a800000|  0%| F|  |TAMS 0x000000008a700000, 0x000000008a700000| Untracked 
|  92|0x000000008a800000, 0x000000008a800000, 0x000000008a900000|  0%| F|  |TAMS 0x000000008a800000, 0x000000008a800000| Untracked 
|  93|0x000000008a900000, 0x000000008a900000, 0x000000008aa00000|  0%| F|  |TAMS 0x000000008a900000, 0x000000008a900000| Untracked 
|  94|0x000000008aa00000, 0x000000008aa00000, 0x000000008ab00000|  0%| F|  |TAMS 0x000000008aa00000, 0x000000008aa00000| Untracked 
|  95|0x000000008ab00000, 0x000000008ab00000, 0x000000008ac00000|  0%| F|  |TAMS 0x000000008ab00000, 0x000000008ab00000| Untracked 
|  96|0x000000008ac00000, 0x000000008ac00000, 0x000000008ad00000|  0%| F|  |TAMS 0x000000008ac00000, 0x000000008ac00000| Untracked 
|  97|0x000000008ad00000, 0x000000008ad00000, 0x000000008ae00000|  0%| F|  |TAMS 0x000000008ad00000, 0x000000008ad00000| Untracked 
|  98|0x000000008ae00000, 0x000000008ae00000, 0x000000008af00000|  0%| F|  |TAMS 0x000000008ae00000, 0x000000008ae00000| Untracked 
|  99|0x000000008af00000, 0x000000008af00000, 0x000000008b000000|  0%| F|  |TAMS 0x000000008af00000, 0x000000008af00000| Untracked 
| 100|0x000000008b000000, 0x000000008b000000, 0x000000008b100000|  0%| F|  |TAMS 0x000000008b000000, 0x000000008b000000| Untracked 
| 101|0x000000008b100000, 0x000000008b100000, 0x000000008b200000|  0%| F|  |TAMS 0x000000008b100000, 0x000000008b100000| Untracked 
| 102|0x000000008b200000, 0x000000008b200000, 0x000000008b300000|  0%| F|  |TAMS 0x000000008b200000, 0x000000008b200000| Untracked 
| 103|0x000000008b300000, 0x000000008b300000, 0x000000008b400000|  0%| F|  |TAMS 0x000000008b300000, 0x000000008b300000| Untracked 
| 104|0x000000008b400000, 0x000000008b400000, 0x000000008b500000|  0%| F|  |TAMS 0x000000008b400000, 0x000000008b400000| Untracked 
| 105|0x000000008b500000, 0x000000008b500000, 0x000000008b600000|  0%| F|  |TAMS 0x000000008b500000, 0x000000008b500000| Untracked 
| 106|0x000000008b600000, 0x000000008b600000, 0x000000008b700000|  0%| F|  |TAMS 0x000000008b600000, 0x000000008b600000| Untracked 
| 107|0x000000008b700000, 0x000000008b700000, 0x000000008b800000|  0%| F|  |TAMS 0x000000008b700000, 0x000000008b700000| Untracked 
| 108|0x000000008b800000, 0x000000008b800000, 0x000000008b900000|  0%| F|  |TAMS 0x000000008b800000, 0x000000008b800000| Untracked 
| 109|0x000000008b900000, 0x000000008b900000, 0x000000008ba00000|  0%| F|  |TAMS 0x000000008b900000, 0x000000008b900000| Untracked 
| 110|0x000000008ba00000, 0x000000008ba00000, 0x000000008bb00000|  0%| F|  |TAMS 0x000000008ba00000, 0x000000008ba00000| Untracked 
| 111|0x000000008bb00000, 0x000000008bb00000, 0x000000008bc00000|  0%| F|  |TAMS 0x000000008bb00000, 0x000000008bb00000| Untracked 
| 112|0x000000008bc00000, 0x000000008bc00000, 0x000000008bd00000|  0%| F|  |TAMS 0x000000008bc00000, 0x000000008bc00000| Untracked 
| 113|0x000000008bd00000, 0x000000008bd00000, 0x000000008be00000|  0%| F|  |TAMS 0x000000008bd00000, 0x000000008bd00000| Untracked 
| 114|0x000000008be00000, 0x000000008be00000, 0x000000008bf00000|  0%| F|  |TAMS 0x000000008be00000, 0x000000008be00000| Untracked 
| 115|0x000000008bf00000, 0x000000008bf00000, 0x000000008c000000|  0%| F|  |TAMS 0x000000008bf00000, 0x000000008bf00000| Untracked 
| 116|0x000000008c000000, 0x000000008c100000, 0x000000008c100000|100%| S|CS|TAMS 0x000000008c000000, 0x000000008c000000| Complete 
| 117|0x000000008c100000, 0x000000008c200000, 0x000000008c200000|100%| S|CS|TAMS 0x000000008c100000, 0x000000008c100000| Complete 
| 118|0x000000008c200000, 0x000000008c200000, 0x000000008c300000|  0%| F|  |TAMS 0x000000008c200000, 0x000000008c200000| Untracked 
| 119|0x000000008c300000, 0x000000008c300000, 0x000000008c400000|  0%| F|  |TAMS 0x000000008c300000, 0x000000008c300000| Untracked 
| 120|0x000000008c400000, 0x000000008c400000, 0x000000008c500000|  0%| F|  |TAMS 0x000000008c400000, 0x000000008c400000| Untracked 
| 121|0x000000008c500000, 0x000000008c500000, 0x000000008c600000|  0%| F|  |TAMS 0x000000008c500000, 0x000000008c500000| Untracked 
| 122|0x000000008c600000, 0x000000008c600000, 0x000000008c700000|  0%| F|  |TAMS 0x000000008c600000, 0x000000008c600000| Untracked 
| 123|0x000000008c700000, 0x000000008c700000, 0x000000008c800000|  0%| F|  |TAMS 0x000000008c700000, 0x000000008c700000| Untracked 
| 124|0x000000008c800000, 0x000000008c800000, 0x000000008c900000|  0%| F|  |TAMS 0x000000008c800000, 0x000000008c800000| Untracked 
| 125|0x000000008c900000, 0x000000008c900000, 0x000000008ca00000|  0%| F|  |TAMS 0x000000008c900000, 0x000000008c900000| Untracked 
| 126|0x000000008ca00000, 0x000000008ca00000, 0x000000008cb00000|  0%| F|  |TAMS 0x000000008ca00000, 0x000000008ca00000| Untracked 
| 127|0x000000008cb00000, 0x000000008cb00000, 0x000000008cc00000|  0%| F|  |TAMS 0x000000008cb00000, 0x000000008cb00000| Untracked 
| 128|0x000000008cc00000, 0x000000008cc00000, 0x000000008cd00000|  0%| F|  |TAMS 0x000000008cc00000, 0x000000008cc00000| Untracked 
| 129|0x000000008cd00000, 0x000000008cd00000, 0x000000008ce00000|  0%| F|  |TAMS 0x000000008cd00000, 0x000000008cd00000| Untracked 
| 130|0x000000008ce00000, 0x000000008ce00000, 0x000000008cf00000|  0%| F|  |TAMS 0x000000008ce00000, 0x000000008ce00000| Untracked 
| 131|0x000000008cf00000, 0x000000008cf00000, 0x000000008d000000|  0%| F|  |TAMS 0x000000008cf00000, 0x000000008cf00000| Untracked 
| 132|0x000000008d000000, 0x000000008d000000, 0x000000008d100000|  0%| F|  |TAMS 0x000000008d000000, 0x000000008d000000| Untracked 
| 133|0x000000008d100000, 0x000000008d100000, 0x000000008d200000|  0%| F|  |TAMS 0x000000008d100000, 0x000000008d100000| Untracked 
| 134|0x000000008d200000, 0x000000008d200000, 0x000000008d300000|  0%| F|  |TAMS 0x000000008d200000, 0x000000008d200000| Untracked 
| 135|0x000000008d300000, 0x000000008d300000, 0x000000008d400000|  0%| F|  |TAMS 0x000000008d300000, 0x000000008d300000| Untracked 
| 136|0x000000008d400000, 0x000000008d400000, 0x000000008d500000|  0%| F|  |TAMS 0x000000008d400000, 0x000000008d400000| Untracked 
| 137|0x000000008d500000, 0x000000008d500000, 0x000000008d600000|  0%| F|  |TAMS 0x000000008d500000, 0x000000008d500000| Untracked 
| 138|0x000000008d600000, 0x000000008d600000, 0x000000008d700000|  0%| F|  |TAMS 0x000000008d600000, 0x000000008d600000| Untracked 
| 139|0x000000008d700000, 0x000000008d700000, 0x000000008d800000|  0%| F|  |TAMS 0x000000008d700000, 0x000000008d700000| Untracked 
| 140|0x000000008d800000, 0x000000008d800000, 0x000000008d900000|  0%| F|  |TAMS 0x000000008d800000, 0x000000008d800000| Untracked 
| 141|0x000000008d900000, 0x000000008d900000, 0x000000008da00000|  0%| F|  |TAMS 0x000000008d900000, 0x000000008d900000| Untracked 
| 142|0x000000008da00000, 0x000000008da00000, 0x000000008db00000|  0%| F|  |TAMS 0x000000008da00000, 0x000000008da00000| Untracked 
| 143|0x000000008db00000, 0x000000008db00000, 0x000000008dc00000|  0%| F|  |TAMS 0x000000008db00000, 0x000000008db00000| Untracked 
| 144|0x000000008dc00000, 0x000000008dc00000, 0x000000008dd00000|  0%| F|  |TAMS 0x000000008dc00000, 0x000000008dc00000| Untracked 
| 145|0x000000008dd00000, 0x000000008dd00000, 0x000000008de00000|  0%| F|  |TAMS 0x000000008dd00000, 0x000000008dd00000| Untracked 
| 146|0x000000008de00000, 0x000000008de00000, 0x000000008df00000|  0%| F|  |TAMS 0x000000008de00000, 0x000000008de00000| Untracked 
| 147|0x000000008df00000, 0x000000008df00000, 0x000000008e000000|  0%| F|  |TAMS 0x000000008df00000, 0x000000008df00000| Untracked 
| 148|0x000000008e000000, 0x000000008e000000, 0x000000008e100000|  0%| F|  |TAMS 0x000000008e000000, 0x000000008e000000| Untracked 
| 149|0x000000008e100000, 0x000000008e100000, 0x000000008e200000|  0%| F|  |TAMS 0x000000008e100000, 0x000000008e100000| Untracked 
| 150|0x000000008e200000, 0x000000008e200000, 0x000000008e300000|  0%| F|  |TAMS 0x000000008e200000, 0x000000008e200000| Untracked 
| 151|0x000000008e300000, 0x000000008e300000, 0x000000008e400000|  0%| F|  |TAMS 0x000000008e300000, 0x000000008e300000| Untracked 
| 152|0x000000008e400000, 0x000000008e400000, 0x000000008e500000|  0%| F|  |TAMS 0x000000008e400000, 0x000000008e400000| Untracked 
| 153|0x000000008e500000, 0x000000008e500000, 0x000000008e600000|  0%| F|  |TAMS 0x000000008e500000, 0x000000008e500000| Untracked 
| 154|0x000000008e600000, 0x000000008e600000, 0x000000008e700000|  0%| F|  |TAMS 0x000000008e600000, 0x000000008e600000| Untracked 
| 155|0x000000008e700000, 0x000000008e700000, 0x000000008e800000|  0%| F|  |TAMS 0x000000008e700000, 0x000000008e700000| Untracked 
| 156|0x000000008e800000, 0x000000008e800000, 0x000000008e900000|  0%| F|  |TAMS 0x000000008e800000, 0x000000008e800000| Untracked 
| 157|0x000000008e900000, 0x000000008e900000, 0x000000008ea00000|  0%| F|  |TAMS 0x000000008e900000, 0x000000008e900000| Untracked 
| 158|0x000000008ea00000, 0x000000008ea00000, 0x000000008eb00000|  0%| F|  |TAMS 0x000000008ea00000, 0x000000008ea00000| Untracked 
| 159|0x000000008eb00000, 0x000000008eb00000, 0x000000008ec00000|  0%| F|  |TAMS 0x000000008eb00000, 0x000000008eb00000| Untracked 
| 160|0x000000008ec00000, 0x000000008ec00000, 0x000000008ed00000|  0%| F|  |TAMS 0x000000008ec00000, 0x000000008ec00000| Untracked 
| 161|0x000000008ed00000, 0x000000008ed00000, 0x000000008ee00000|  0%| F|  |TAMS 0x000000008ed00000, 0x000000008ed00000| Untracked 
| 162|0x000000008ee00000, 0x000000008ee67ae0, 0x000000008ef00000| 40%| E|  |TAMS 0x000000008ee00000, 0x000000008ee00000| Complete 
| 163|0x000000008ef00000, 0x000000008f000000, 0x000000008f000000|100%| E|CS|TAMS 0x000000008ef00000, 0x000000008ef00000| Complete 
| 164|0x000000008f000000, 0x000000008f100000, 0x000000008f100000|100%| E|CS|TAMS 0x000000008f000000, 0x000000008f000000| Complete 
| 165|0x000000008f100000, 0x000000008f200000, 0x000000008f200000|100%| E|CS|TAMS 0x000000008f100000, 0x000000008f100000| Complete 
| 382|0x000000009ca00000, 0x000000009cb00000, 0x000000009cb00000|100%| E|CS|TAMS 0x000000009ca00000, 0x000000009ca00000| Complete 
| 383|0x000000009cb00000, 0x000000009cc00000, 0x000000009cc00000|100%| E|CS|TAMS 0x000000009cb00000, 0x000000009cb00000| Complete 
| 384|0x000000009cc00000, 0x000000009cd00000, 0x000000009cd00000|100%| E|CS|TAMS 0x000000009cc00000, 0x000000009cc00000| Complete 
| 385|0x000000009cd00000, 0x000000009ce00000, 0x000000009ce00000|100%| E|CS|TAMS 0x000000009cd00000, 0x000000009cd00000| Complete 
| 386|0x000000009ce00000, 0x000000009cf00000, 0x000000009cf00000|100%| E|CS|TAMS 0x000000009ce00000, 0x000000009ce00000| Complete 
| 387|0x000000009cf00000, 0x000000009d000000, 0x000000009d000000|100%| E|CS|TAMS 0x000000009cf00000, 0x000000009cf00000| Complete 
| 388|0x000000009d000000, 0x000000009d100000, 0x000000009d100000|100%| E|CS|TAMS 0x000000009d000000, 0x000000009d000000| Complete 
| 389|0x000000009d100000, 0x000000009d200000, 0x000000009d200000|100%| E|CS|TAMS 0x000000009d100000, 0x000000009d100000| Complete 

Card table byte_map: [0x000002c0ef5c0000,0x000002c0ef9a0000] _byte_map_base: 0x000002c0ef19a000

Marking Bits (Prev, Next): (CMBitMap*) 0x000002c0d844d9a0, (CMBitMap*) 0x000002c0d844d9e0
 Prev Bits: [0x000002c0efd80000, 0x000002c0f1c50000)
 Next Bits: [0x000002c0f1c50000, 0x000002c0f3b20000)

Polling page: 0x000002c0d63b0000

Metaspace:

Usage:
  Non-class:      6.28 MB used.
      Class:    502.55 KB used.
       Both:      6.77 MB used.

Virtual space:
  Non-class space:        8.00 MB reserved,       6.38 MB ( 80%) committed,  1 nodes.
      Class space:        1.00 GB reserved,     576.00 KB ( <1%) committed,  1 nodes.
             Both:        1.01 GB reserved,       6.94 MB ( <1%) committed. 

Chunk freelists:
   Non-Class:  400.00 KB
       Class:  3.45 MB
        Both:  3.84 MB

MaxMetaspaceSize: unlimited
CompressedClassSpaceSize: 1.00 GB
Initial GC threshold: 21.00 MB
Current GC threshold: 21.00 MB
CDS: on
MetaspaceReclaimPolicy: balanced
 - commit_granule_bytes: 65536.
 - commit_granule_words: 8192.
 - virtual_space_node_default_size: 1048576.
 - enlarge_chunks_in_place: 1.
 - new_chunks_are_fully_committed: 0.
 - uncommit_free_chunks: 1.
 - use_allocation_guard: 0.
 - handle_deallocations: 1.


Internal statistics:

num_allocs_failed_limit: 0.
num_arena_births: 66.
num_arena_deaths: 0.
num_vsnodes_births: 2.
num_vsnodes_deaths: 0.
num_space_committed: 109.
num_space_uncommitted: 0.
num_chunks_returned_to_freelist: 0.
num_chunks_taken_from_freelist: 223.
num_chunk_merges: 0.
num_chunk_splits: 164.
num_chunks_enlarged: 125.
num_purges: 0.
num_inconsistent_stats: 0.

CodeHeap 'non-profiled nmethods': size=120000Kb used=625Kb max_used=625Kb free=119374Kb
 bounds [0x000002c0e7970000, 0x000002c0e7be0000, 0x000002c0eeea0000]
CodeHeap 'profiled nmethods': size=120000Kb used=2540Kb max_used=2540Kb free=117459Kb
 bounds [0x000002c0e0440000, 0x000002c0e06c0000, 0x000002c0e7970000]
CodeHeap 'non-nmethods': size=5760Kb used=1622Kb max_used=1639Kb free=4137Kb
 bounds [0x000002c0dfea0000, 0x000002c0e0110000, 0x000002c0e0440000]
 total_blobs=2416 nmethods=1375 adapters=954
 compilation: enabled
              stopped_count=0, restarted_count=0
 full_count=0

Compilation events (20 events):
Event: 341.179 Thread 0x000002c0f65605b0 1367       4       com.badlogic.gdx.maps.MapLayer::getRenderOffsetY (16 bytes)
Event: 341.179 Thread 0x000002c0f65605b0 nmethod 1367 0x000002c0e7a0c090 code [0x000002c0e7a0c200, 0x000002c0e7a0c298]
Event: 354.429 Thread 0x000002c0f65605b0 1368       4       com.badlogic.gdx.backends.lwjgl3.audio.OpenALLwjgl3Audio::update (43 bytes)
Event: 354.430 Thread 0x000002c0f65605b0 nmethod 1368 0x000002c0e7a0c390 code [0x000002c0e7a0c500, 0x000002c0e7a0c5b8]
Event: 820.817 Thread 0x000002c0f6562bc0 1369       3       jdk.internal.math.FDBigInteger::mult (64 bytes)
Event: 820.825 Thread 0x000002c0f6562bc0 nmethod 1369 0x000002c0e06b8090 code [0x000002c0e06b8240, 0x000002c0e06b8498]
Event: 820.825 Thread 0x000002c0f6562bc0 1370       3       jdk.internal.math.FDBigInteger::<init> (30 bytes)
Event: 820.826 Thread 0x000002c0f6562bc0 nmethod 1370 0x000002c0e06b8690 code [0x000002c0e06b8840, 0x000002c0e06b8a48]
Event: 820.828 Thread 0x000002c0f6562bc0 1371       3       java.lang.String::codePointAt (50 bytes)
Event: 820.829 Thread 0x000002c0f6562bc0 nmethod 1371 0x000002c0e06b8b90 code [0x000002c0e06b8d80, 0x000002c0e06b9128]
Event: 820.857 Thread 0x000002c0f6562bc0 1372       3       java.lang.Character::charCount (12 bytes)
Event: 820.858 Thread 0x000002c0f6562bc0 nmethod 1372 0x000002c0e06b9310 code [0x000002c0e06b94a0, 0x000002c0e06b9618]
Event: 820.858 Thread 0x000002c0f6562bc0 1373       3       java.lang.Character::isHighSurrogate (18 bytes)
Event: 820.858 Thread 0x000002c0f6562bc0 nmethod 1373 0x000002c0e06b9690 code [0x000002c0e06b9820, 0x000002c0e06b99b8]
Event: 820.858 Thread 0x000002c0f6562bc0 1374       3       com.intellij.rt.coverage.util.ThreadLocalCachedValue::getValue (40 bytes)
Event: 820.861 Thread 0x000002c0f6562bc0 nmethod 1374 0x000002c0e06b9a90 code [0x000002c0e06b9cc0, 0x000002c0e06ba728]
Event: 820.862 Thread 0x000002c0f6562bc0 1375       3       com.intellij.rt.coverage.util.ThreadLocalCachedValue::dereference (13 bytes)
Event: 820.862 Thread 0x000002c0f6562bc0 nmethod 1375 0x000002c0e06baa90 code [0x000002c0e06bac40, 0x000002c0e06bae48]
Event: 820.862 Thread 0x000002c0f6562bc0 1376       3       java.io.DataOutputStream::incCount (20 bytes)
Event: 820.862 Thread 0x000002c0f6562bc0 nmethod 1376 0x000002c0e06baf10 code [0x000002c0e06bb0a0, 0x000002c0e06bb1f8]

GC Heap History (12 events):
Event: 1.726 GC heap before
{Heap before GC invocations=0 (full 0):
 garbage-first heap   total 126976K, used 22528K [0x0000000084c00000, 0x0000000100000000)
  region size 1024K, 23 young (23552K), 0 survivors (0K)
 Metaspace       used 5388K, committed 5568K, reserved 1056768K
  class space    used 396K, committed 512K, reserved 1048576K
}
Event: 1.749 GC heap after
{Heap after GC invocations=1 (full 0):
 garbage-first heap   total 126976K, used 5935K [0x0000000084c00000, 0x0000000100000000)
  region size 1024K, 3 young (3072K), 3 survivors (3072K)
 Metaspace       used 5388K, committed 5568K, reserved 1056768K
  class space    used 396K, committed 512K, reserved 1048576K
}
Event: 2.175 GC heap before
{Heap before GC invocations=1 (full 0):
 garbage-first heap   total 126976K, used 62255K [0x0000000084c00000, 0x0000000100000000)
  region size 1024K, 27 young (27648K), 3 survivors (3072K)
 Metaspace       used 6090K, committed 6336K, reserved 1056768K
  class space    used 459K, committed 576K, reserved 1048576K
}
Event: 2.296 GC heap after
{Heap after GC invocations=2 (full 0):
 garbage-first heap   total 126976K, used 39368K [0x0000000084c00000, 0x0000000100000000)
  region size 1024K, 4 young (4096K), 4 survivors (4096K)
 Metaspace       used 6090K, committed 6336K, reserved 1056768K
  class space    used 459K, committed 576K, reserved 1048576K
}
Event: 2.315 GC heap before
{Heap before GC invocations=2 (full 0):
 garbage-first heap   total 126976K, used 63944K [0x0000000084c00000, 0x0000000100000000)
  region size 1024K, 21 young (21504K), 4 survivors (4096K)
 Metaspace       used 6090K, committed 6336K, reserved 1056768K
  class space    used 459K, committed 576K, reserved 1048576K
}
Event: 2.361 GC heap after
{Heap after GC invocations=3 (full 0):
 garbage-first heap   total 126976K, used 64512K [0x0000000084c00000, 0x0000000100000000)
  region size 1024K, 3 young (3072K), 3 survivors (3072K)
 Metaspace       used 6090K, committed 6336K, reserved 1056768K
  class space    used 459K, committed 576K, reserved 1048576K
}
Event: 2.363 GC heap before
{Heap before GC invocations=3 (full 0):
 garbage-first heap   total 126976K, used 67584K [0x0000000084c00000, 0x0000000100000000)
  region size 1024K, 7 young (7168K), 3 survivors (3072K)
 Metaspace       used 6090K, committed 6336K, reserved 1056768K
  class space    used 459K, committed 576K, reserved 1048576K
}
Event: 2.372 GC heap after
{Heap after GC invocations=4 (full 0):
 garbage-first heap   total 126976K, used 68608K [0x0000000084c00000, 0x0000000100000000)
  region size 1024K, 3 young (3072K), 3 survivors (3072K)
 Metaspace       used 6090K, committed 6336K, reserved 1056768K
  class space    used 459K, committed 576K, reserved 1048576K
}
Event: 2.481 GC heap before
{Heap before GC invocations=5 (full 0):
 garbage-first heap   total 133120K, used 83968K [0x0000000084c00000, 0x0000000100000000)
  region size 1024K, 16 young (16384K), 3 survivors (3072K)
 Metaspace       used 6108K, committed 6336K, reserved 1056768K
  class space    used 459K, committed 576K, reserved 1048576K
}
Event: 2.511 GC heap after
{Heap after GC invocations=6 (full 0):
 garbage-first heap   total 133120K, used 84458K [0x0000000084c00000, 0x0000000100000000)
  region size 1024K, 2 young (2048K), 2 survivors (2048K)
 Metaspace       used 6108K, committed 6336K, reserved 1056768K
  class space    used 459K, committed 576K, reserved 1048576K
}
Event: 2.524 GC heap before
{Heap before GC invocations=6 (full 0):
 garbage-first heap   total 133120K, used 94698K [0x0000000084c00000, 0x0000000100000000)
  region size 1024K, 12 young (12288K), 2 survivors (2048K)
 Metaspace       used 6108K, committed 6336K, reserved 1056768K
  class space    used 459K, committed 576K, reserved 1048576K
}
Event: 2.546 GC heap after
{Heap after GC invocations=7 (full 0):
 garbage-first heap   total 399360K, used 95232K [0x0000000084c00000, 0x0000000100000000)
  region size 1024K, 2 young (2048K), 2 survivors (2048K)
 Metaspace       used 6108K, committed 6336K, reserved 1056768K
  class space    used 459K, committed 576K, reserved 1048576K
}

Deoptimization events (20 events):
Event: 2.840 Thread 0x000002c0d83f1cb0 Uncommon trap: trap_request=0xffffff45 fr.pc=0x000002c0e79e3de0 relative=0x00000000000001c0
Event: 2.840 Thread 0x000002c0d83f1cb0 Uncommon trap: reason=unstable_if action=reinterpret pc=0x000002c0e79e3de0 method=com.badlogic.gdx.graphics.g2d.SpriteBatch.draw(Lcom/badlogic/gdx/graphics/Texture;[FII)V @ 33 c2
Event: 2.840 Thread 0x000002c0d83f1cb0 DEOPT PACKING pc=0x000002c0e79e3de0 sp=0x000000c99d2ff2b0
Event: 2.840 Thread 0x000002c0d83f1cb0 DEOPT UNPACKING pc=0x000002c0dfef5c23 sp=0x000000c99d2ff280 mode 2
Event: 2.851 Thread 0x000002c0d83f1cb0 DEOPT PACKING pc=0x000002c0e0670aac sp=0x000000c99d2ff1f0
Event: 2.851 Thread 0x000002c0d83f1cb0 DEOPT UNPACKING pc=0x000002c0dfef6763 sp=0x000000c99d2fe618 mode 0
Event: 3.057 Thread 0x000002c0d83f1cb0 Uncommon trap: trap_request=0xffffff45 fr.pc=0x000002c0e79ea794 relative=0x0000000000000b74
Event: 3.057 Thread 0x000002c0d83f1cb0 Uncommon trap: reason=unstable_if action=reinterpret pc=0x000002c0e79ea794 method=com.badlogic.gdx.maps.tiled.renderers.OrthogonalTiledMapRenderer.renderTileLayer(Lcom/badlogic/gdx/maps/tiled/TiledMapTileLayer;)V @ 234 c2
Event: 3.057 Thread 0x000002c0d83f1cb0 DEOPT PACKING pc=0x000002c0e79ea794 sp=0x000000c99d2ff210
Event: 3.057 Thread 0x000002c0d83f1cb0 DEOPT UNPACKING pc=0x000002c0dfef5c23 sp=0x000000c99d2ff118 mode 2
Event: 3.105 Thread 0x000002c0d83f1cb0 DEOPT PACKING pc=0x000002c0e0690154 sp=0x000000c99d2ff1f0
Event: 3.105 Thread 0x000002c0d83f1cb0 DEOPT UNPACKING pc=0x000002c0dfef6763 sp=0x000000c99d2fe618 mode 0
Event: 3.147 Thread 0x000002c0d83f1cb0 DEOPT PACKING pc=0x000002c0e0690154 sp=0x000000c99d2ff1f0
Event: 3.147 Thread 0x000002c0d83f1cb0 DEOPT UNPACKING pc=0x000002c0dfef6763 sp=0x000000c99d2fe618 mode 0
Event: 3.195 Thread 0x000002c0d83f1cb0 DEOPT PACKING pc=0x000002c0e0690154 sp=0x000000c99d2ff1f0
Event: 3.195 Thread 0x000002c0d83f1cb0 DEOPT UNPACKING pc=0x000002c0dfef6763 sp=0x000000c99d2fe618 mode 0
Event: 3.260 Thread 0x000002c0d83f1cb0 DEOPT PACKING pc=0x000002c0e0690154 sp=0x000000c99d2ff1f0
Event: 3.260 Thread 0x000002c0d83f1cb0 DEOPT UNPACKING pc=0x000002c0dfef6763 sp=0x000000c99d2fe618 mode 0
Event: 3.319 Thread 0x000002c0d83f1cb0 DEOPT PACKING pc=0x000002c0e0690154 sp=0x000000c99d2ff1f0
Event: 3.319 Thread 0x000002c0d83f1cb0 DEOPT UNPACKING pc=0x000002c0dfef6763 sp=0x000000c99d2fe618 mode 0

Classes unloaded (0 events):
No events

Classes redefined (0 events):
No events

Internal exceptions (20 events):
Event: 0.689 Thread 0x000002c0d83f1cb0 Exception <a 'java/lang/NoSuchMethodError'{0x000000008b90b1f8}: 'int java.lang.invoke.DirectMethodHandle$Holder.invokeSpecial(java.lang.Object, java.lang.Object, java.lang.Object)'> (0x000000008b90b1f8) 
thrown [s\src\hotspot\share\interpreter\linkResolver.cpp, line 759]
Event: 0.720 Thread 0x000002c0d83f1cb0 Exception <a 'sun/nio/fs/WindowsException'{0x000000008b9d8550}> (0x000000008b9d8550) 
thrown [s\src\hotspot\share\prims\jni.cpp, line 516]
Event: 0.720 Thread 0x000002c0d83f1cb0 Exception <a 'sun/nio/fs/WindowsException'{0x000000008b9d9c10}> (0x000000008b9d9c10) 
thrown [s\src\hotspot\share\prims\jni.cpp, line 516]
Event: 0.739 Thread 0x000002c0d83f1cb0 Exception <a 'java/lang/NoSuchMethodError'{0x000000008b841820}: 'int java.lang.invoke.DirectMethodHandle$Holder.invokeStaticInit(java.lang.Object, java.lang.Object, int, long)'> (0x000000008b841820) 
thrown [s\src\hotspot\share\interpreter\linkResolver.cpp, line 759]
Event: 0.741 Thread 0x000002c0d83f1cb0 Exception <a 'java/lang/NoSuchMethodError'{0x000000008b8471e8}: 'java.lang.Object java.lang.invoke.DirectMethodHandle$Holder.newInvokeSpecial(java.lang.Object, java.lang.Object, int)'> (0x000000008b8471e8) 
thrown [s\src\hotspot\share\interpreter\linkResolver.cpp, line 759]
Event: 0.747 Thread 0x000002c0d83f1cb0 Exception <a 'java/lang/NoSuchMethodError'{0x000000008b85dbf0}: 'int java.lang.invoke.DirectMethodHandle$Holder.invokeStaticInit(java.lang.Object, java.lang.Object, long, long)'> (0x000000008b85dbf0) 
thrown [s\src\hotspot\share\interpreter\linkResolver.cpp, line 759]
Event: 0.748 Thread 0x000002c0d83f1cb0 Exception <a 'java/lang/NoSuchMethodError'{0x000000008b863d00}: 'java.lang.Object java.lang.invoke.DirectMethodHandle$Holder.newInvokeSpecial(java.lang.Object, java.lang.Object, long)'> (0x000000008b863d00) 
thrown [s\src\hotspot\share\interpreter\linkResolver.cpp, line 759]
Event: 0.749 Thread 0x000002c0d83f1cb0 Exception <a 'java/lang/NoSuchMethodError'{0x000000008b867d48}: 'java.lang.Object java.lang.invoke.Invokers$Holder.linkToTargetMethod(java.lang.Object, long, java.lang.Object)'> (0x000000008b867d48) 
thrown [s\src\hotspot\share\interpreter\linkResolver.cpp, line 759]
Event: 0.749 Thread 0x000002c0d83f1cb0 Exception <a 'java/lang/NoSuchMethodError'{0x000000008b86f460}: 'int java.lang.invoke.DirectMethodHandle$Holder.invokeStaticInit(java.lang.Object, java.lang.Object, java.lang.Object, long)'> (0x000000008b86f460) 
thrown [s\src\hotspot\share\interpreter\linkResolver.cpp, line 759]
Event: 0.791 Thread 0x000002c0d83f1cb0 Exception <a 'sun/nio/fs/WindowsException'{0x000000008b73dbc8}> (0x000000008b73dbc8) 
thrown [s\src\hotspot\share\prims\jni.cpp, line 516]
Event: 0.791 Thread 0x000002c0d83f1cb0 Exception <a 'sun/nio/fs/WindowsException'{0x000000008b73df58}> (0x000000008b73df58) 
thrown [s\src\hotspot\share\prims\jni.cpp, line 516]
Event: 0.841 Thread 0x000002c0d83f1cb0 Exception <a 'sun/nio/fs/WindowsException'{0x000000008b621418}> (0x000000008b621418) 
thrown [s\src\hotspot\share\prims\jni.cpp, line 516]
Event: 0.841 Thread 0x000002c0d83f1cb0 Exception <a 'sun/nio/fs/WindowsException'{0x000000008b621778}> (0x000000008b621778) 
thrown [s\src\hotspot\share\prims\jni.cpp, line 516]
Event: 0.893 Thread 0x000002c0d83f1cb0 Exception <a 'sun/nio/fs/WindowsException'{0x000000008b6cd580}> (0x000000008b6cd580) 
thrown [s\src\hotspot\share\prims\jni.cpp, line 516]
Event: 0.893 Thread 0x000002c0d83f1cb0 Exception <a 'sun/nio/fs/WindowsException'{0x000000008b6cd900}> (0x000000008b6cd900) 
thrown [s\src\hotspot\share\prims\jni.cpp, line 516]
Event: 1.403 Thread 0x000002c0d83f1cb0 Exception <a 'java/lang/NoSuchMethodError'{0x000000008b525198}: 'java.lang.Object java.lang.invoke.DirectMethodHandle$Holder.newInvokeSpecial(java.lang.Object, long)'> (0x000000008b525198) 
thrown [s\src\hotspot\share\interpreter\linkResolver.cpp, line 759]
Event: 1.610 Thread 0x000002c0d83f1cb0 Exception <a 'sun/nio/fs/WindowsException'{0x000000008b39dc98}> (0x000000008b39dc98) 
thrown [s\src\hotspot\share\prims\jni.cpp, line 516]
Event: 1.610 Thread 0x000002c0d83f1cb0 Exception <a 'sun/nio/fs/WindowsException'{0x000000008b39e040}> (0x000000008b39e040) 
thrown [s\src\hotspot\share\prims\jni.cpp, line 516]
Event: 1.617 Thread 0x000002c0d83f1cb0 Exception <a 'sun/nio/fs/WindowsException'{0x000000008b3a94b0}> (0x000000008b3a94b0) 
thrown [s\src\hotspot\share\prims\jni.cpp, line 516]
Event: 1.617 Thread 0x000002c0d83f1cb0 Exception <a 'sun/nio/fs/WindowsException'{0x000000008b3a9790}> (0x000000008b3a9790) 
thrown [s\src\hotspot\share\prims\jni.cpp, line 516]

VM Operations (20 events):
Event: 2.474 Executing VM operation: G1Concurrent done
Event: 2.481 Executing VM operation: G1CollectForAllocation
Event: 2.511 Executing VM operation: G1CollectForAllocation done
Event: 2.524 Executing VM operation: G1CollectForAllocation
Event: 2.546 Executing VM operation: G1CollectForAllocation done
Event: 2.564 Executing VM operation: G1Concurrent
Event: 2.566 Executing VM operation: G1Concurrent done
Event: 2.582 Executing VM operation: G1Concurrent
Event: 2.584 Executing VM operation: G1Concurrent done
Event: 4.584 Executing VM operation: Cleanup
Event: 4.584 Executing VM operation: Cleanup done
Event: 17.690 Executing VM operation: Cleanup
Event: 17.690 Executing VM operation: Cleanup done
Event: 26.751 Executing VM operation: Cleanup
Event: 26.752 Executing VM operation: Cleanup done
Event: 72.061 Executing VM operation: Cleanup
Event: 72.061 Executing VM operation: Cleanup done
Event: 820.874 Executing VM operation: Cleanup
Event: 820.876 Executing VM operation: Cleanup done
Event: 820.879 Executing VM operation: Exit

Events (20 events):
Event: 820.858 loading class com/intellij/rt/coverage/data/JumpsAndSwitches
Event: 820.859 loading class com/intellij/rt/coverage/data/JumpsAndSwitches done
Event: 820.860 loading class com/intellij/rt/coverage/util/ReportSectionsUtil
Event: 820.861 loading class com/intellij/rt/coverage/util/ReportSectionsUtil done
Event: 820.861 loading class com/intellij/rt/coverage/util/UncoveredBranchesSection
Event: 820.861 loading class com/intellij/rt/coverage/util/ClassListSection
Event: 820.862 loading class com/intellij/rt/coverage/util/ReportSection
Event: 820.863 loading class com/intellij/rt/coverage/util/ReportSection done
Event: 820.863 loading class com/intellij/rt/coverage/util/ClassListSection done
Event: 820.863 loading class com/intellij/rt/coverage/util/UncoveredBranchesSection done
Event: 820.863 loading class com/intellij/rt/coverage/util/InstructionsSection
Event: 820.864 loading class com/intellij/rt/coverage/util/InstructionsSection done
Event: 820.864 loading class java/util/LinkedHashMap$LinkedValues
Event: 820.866 loading class java/util/LinkedHashMap$LinkedValues done
Event: 820.866 loading class java/util/LinkedHashMap$LinkedValueIterator
Event: 820.868 loading class java/util/LinkedHashMap$LinkedValueIterator done
Event: 820.868 loading class java/io/FileOutputStream$1
Event: 820.869 loading class java/io/FileOutputStream$1 done
Event: 820.871 Thread 0x000002c0f70d4d90 Thread exited: 0x000002c0f70d4d90
Event: 820.878 Thread 0x000002c0f6559390 Thread exited: 0x000002c0f6559390


Dynamic libraries:
0x00007ff6dd3a0000 - 0x00007ff6dd3ae000 	C:\Program Files\Eclipse Adoptium\jdk-17.0.4.101-hotspot\bin\java.exe
0x00007ffe5ad10000 - 0x00007ffe5af27000 	C:\WINDOWS\SYSTEM32\ntdll.dll
0x00007ffe5a130000 - 0x00007ffe5a1f3000 	C:\WINDOWS\System32\KERNEL32.DLL
0x00007ffe58730000 - 0x00007ffe58ace000 	C:\WINDOWS\System32\KERNELBASE.dll
0x00007ffe54e20000 - 0x00007ffe54eb6000 	C:\WINDOWS\SYSTEM32\apphelp.dll
0x00007ffe58460000 - 0x00007ffe58577000 	C:\WINDOWS\System32\ucrtbase.dll
0x00007ffe40900000 - 0x00007ffe40918000 	C:\Program Files\Eclipse Adoptium\jdk-17.0.4.101-hotspot\bin\jli.dll
0x00007ffe3e6f0000 - 0x00007ffe3e709000 	C:\Program Files\Eclipse Adoptium\jdk-17.0.4.101-hotspot\bin\VCRUNTIME140.dll
0x00007ffe58dd0000 - 0x00007ffe58f7a000 	C:\WINDOWS\System32\USER32.dll
0x00007ffe58580000 - 0x00007ffe585a6000 	C:\WINDOWS\System32\win32u.dll
0x00007ffe40b60000 - 0x00007ffe40df1000 	C:\WINDOWS\WinSxS\amd64_microsoft.windows.common-controls_6595b64144ccf1df_6.0.25247.1000_none_7aedc753f2a8b3d1\COMCTL32.dll
0x00007ffe5aa50000 - 0x00007ffe5aa79000 	C:\WINDOWS\System32\GDI32.dll
0x00007ffe59ec0000 - 0x00007ffe59f67000 	C:\WINDOWS\System32\msvcrt.dll
0x00007ffe58340000 - 0x00007ffe58457000 	C:\WINDOWS\System32\gdi32full.dll
0x00007ffe580e0000 - 0x00007ffe5817a000 	C:\WINDOWS\System32\msvcp_win.dll
0x00007ffe5aa00000 - 0x00007ffe5aa30000 	C:\WINDOWS\System32\IMM32.DLL
0x00007ffe43a50000 - 0x00007ffe43a5c000 	C:\Program Files\Eclipse Adoptium\jdk-17.0.4.101-hotspot\bin\vcruntime140_1.dll
0x00007ffe2b4e0000 - 0x00007ffe2b571000 	C:\Program Files\Eclipse Adoptium\jdk-17.0.4.101-hotspot\bin\msvcp140.dll
0x00007ffdff830000 - 0x00007ffe00476000 	C:\Program Files\Eclipse Adoptium\jdk-17.0.4.101-hotspot\bin\server\jvm.dll
0x00007ffe58b60000 - 0x00007ffe58c0d000 	C:\WINDOWS\System32\ADVAPI32.dll
0x00007ffe5aa80000 - 0x00007ffe5ab26000 	C:\WINDOWS\System32\sechost.dll
0x00007ffe59a00000 - 0x00007ffe59b27000 	C:\WINDOWS\System32\RPCRT4.dll
0x00007ffe59880000 - 0x00007ffe59888000 	C:\WINDOWS\System32\PSAPI.DLL
0x00007ffe4ea50000 - 0x00007ffe4ea85000 	C:\WINDOWS\SYSTEM32\WINMM.dll
0x00007ffe54d40000 - 0x00007ffe54d49000 	C:\WINDOWS\SYSTEM32\WSOCK32.dll
0x00007ffe58d50000 - 0x00007ffe58dbf000 	C:\WINDOWS\System32\WS2_32.dll
0x00007ffe4cfd0000 - 0x00007ffe4cfda000 	C:\WINDOWS\SYSTEM32\VERSION.dll
0x00007ffe57080000 - 0x00007ffe57098000 	C:\WINDOWS\SYSTEM32\kernel.appcore.dll
0x00007ffe43770000 - 0x00007ffe4377a000 	C:\Program Files\Eclipse Adoptium\jdk-17.0.4.101-hotspot\bin\jimage.dll
0x00007ffe55820000 - 0x00007ffe55a52000 	C:\WINDOWS\SYSTEM32\DBGHELP.DLL
0x00007ffe59b30000 - 0x00007ffe59eb7000 	C:\WINDOWS\System32\combase.dll
0x00007ffe59920000 - 0x00007ffe599f8000 	C:\WINDOWS\System32\OLEAUT32.dll
0x00007ffe416a0000 - 0x00007ffe416d2000 	C:\WINDOWS\SYSTEM32\dbgcore.DLL
0x00007ffe582c0000 - 0x00007ffe58339000 	C:\WINDOWS\System32\bcryptPrimitives.dll
0x00007ffe52df0000 - 0x00007ffe52dfe000 	C:\Program Files\Eclipse Adoptium\jdk-17.0.4.101-hotspot\bin\instrument.dll
0x00007ffe362e0000 - 0x00007ffe36305000 	C:\Program Files\Eclipse Adoptium\jdk-17.0.4.101-hotspot\bin\java.dll
0x00007ffe36210000 - 0x00007ffe36228000 	C:\Program Files\Eclipse Adoptium\jdk-17.0.4.101-hotspot\bin\zip.dll
0x00007ffe153d0000 - 0x00007ffe154a6000 	C:\Program Files\Eclipse Adoptium\jdk-17.0.4.101-hotspot\bin\jsvml.dll
0x00007ffe59040000 - 0x00007ffe5982d000 	C:\WINDOWS\System32\SHELL32.dll
0x00007ffe56010000 - 0x00007ffe568aa000 	C:\WINDOWS\SYSTEM32\windows.storage.dll
0x00007ffe55e80000 - 0x00007ffe5600d000 	C:\WINDOWS\SYSTEM32\wintypes.dll
0x00007ffe5a2d0000 - 0x00007ffe5a3bb000 	C:\WINDOWS\System32\SHCORE.dll
0x00007ffe598c0000 - 0x00007ffe5991e000 	C:\WINDOWS\System32\shlwapi.dll
0x00007ffe58000000 - 0x00007ffe58021000 	C:\WINDOWS\SYSTEM32\profapi.dll
0x00007ffe3d430000 - 0x00007ffe3d449000 	C:\Program Files\Eclipse Adoptium\jdk-17.0.4.101-hotspot\bin\net.dll
0x00007ffe4fb80000 - 0x00007ffe4fcae000 	C:\WINDOWS\SYSTEM32\WINHTTP.dll
0x00007ffe575a0000 - 0x00007ffe57609000 	C:\WINDOWS\system32\mswsock.dll
0x00007ffe39810000 - 0x00007ffe39825000 	C:\Program Files\Eclipse Adoptium\jdk-17.0.4.101-hotspot\bin\nio.dll
0x00007ffe43bf0000 - 0x00007ffe43c0a000 	C:\Program Files\JetBrains\IntelliJ IDEA Community Edition 2022.1.2\bin\breakgen64.dll
0x0000000076da0000 - 0x0000000076dc9000 	C:\Users\pk264\AppData\Local\Temp\libgdxpk264\e787ab0a\gdx64.dll
0x00007ffe38de0000 - 0x00007ffe38e55000 	C:\Users\pk264\AppData\Local\Temp\lwjglpk264\3.3.1-build-7\lwjgl.dll
0x00007ffe11670000 - 0x00007ffe118c9000 	C:\Users\pk264\AppData\Local\Temp\lwjglpk264\3.3.1-build-7\jemalloc.dll
0x00007ffe41b20000 - 0x00007ffe41b81000 	C:\Users\pk264\AppData\Local\Temp\lwjglpk264\3.3.1-build-7\glfw.dll
0x00007ffe36770000 - 0x00007ffe367b6000 	C:\WINDOWS\SYSTEM32\dinput8.dll
0x00007ffe416e0000 - 0x00007ffe416f1000 	C:\WINDOWS\SYSTEM32\xinput1_4.dll
0x00007ffe57dc0000 - 0x00007ffe57e0e000 	C:\WINDOWS\SYSTEM32\cfgmgr32.dll
0x00007ffe57d90000 - 0x00007ffe57dbc000 	C:\WINDOWS\SYSTEM32\DEVOBJ.dll
0x00007ffe55280000 - 0x00007ffe552ad000 	C:\WINDOWS\SYSTEM32\dwmapi.dll
0x00007ffe40960000 - 0x00007ffe40b56000 	C:\WINDOWS\SYSTEM32\inputhost.dll
0x00007ffe54a20000 - 0x00007ffe54b55000 	C:\WINDOWS\SYSTEM32\CoreMessaging.dll
0x00007ffe55050000 - 0x00007ffe550f9000 	C:\WINDOWS\system32\uxtheme.dll
0x00007ffe58c10000 - 0x00007ffe58d46000 	C:\WINDOWS\System32\MSCTF.dll
0x00007ffe57840000 - 0x00007ffe5784c000 	C:\WINDOWS\SYSTEM32\CRYPTBASE.DLL
0x00007ffe1a980000 - 0x00007ffe1ab17000 	C:\Users\pk264\AppData\Local\Temp\lwjglpk264\3.3.1-build-7\OpenAL.dll
0x00007ffe5ab30000 - 0x00007ffe5accd000 	C:\WINDOWS\System32\ole32.dll
0x00007ffe5a070000 - 0x00007ffe5a120000 	C:\WINDOWS\System32\clbcatq.dll
0x00007ffe4c040000 - 0x00007ffe4c0de000 	C:\WINDOWS\System32\MMDevApi.dll
0x00007ffe48890000 - 0x00007ffe48a5a000 	C:\WINDOWS\SYSTEM32\AUDIOSES.DLL
0x00007ffe555d0000 - 0x00007ffe555e6000 	C:\WINDOWS\SYSTEM32\resourcepolicyclient.dll
0x00007ffe57a10000 - 0x00007ffe57a5d000 	C:\WINDOWS\SYSTEM32\powrprof.dll
0x00007ffe57970000 - 0x00007ffe57983000 	C:\WINDOWS\SYSTEM32\UMPDC.dll
0x00007ffe3f100000 - 0x00007ffe3f206000 	C:\WINDOWS\SYSTEM32\opengl32.dll
0x00007ffe3f330000 - 0x00007ffe3f35d000 	C:\WINDOWS\SYSTEM32\GLU32.dll
0x00007ffe55130000 - 0x00007ffe55166000 	C:\WINDOWS\SYSTEM32\dxcore.dll
0x00007ffe52000000 - 0x00007ffe52048000 	C:\WINDOWS\SYSTEM32\directxdatabasehelper.dll
0x00007ffe4cb10000 - 0x00007ffe4cb2a000 	C:\WINDOWS\SYSTEM32\windows.staterepositorycore.dll
0x00007ffdd1f10000 - 0x00007ffdd2fb9000 	C:\Windows\System32\DriverStore\FileRepository\24_asus_tgl-up3_iigd_dch.inf_amd64_052cbc380c44ea67\igxelpicd64.dll
0x00007ffe55170000 - 0x00007ffe55265000 	C:\WINDOWS\system32\dxgi.dll
0x00007ffe11fe0000 - 0x00007ffe12104000 	C:\Windows\System32\DriverStore\FileRepository\24_asus_tgl-up3_iigd_dch.inf_amd64_052cbc380c44ea67\igdml64.dll
0x00007ffe4c690000 - 0x00007ffe4caa2000 	C:\Windows\System32\DriverStore\FileRepository\24_asus_tgl-up3_iigd_dch.inf_amd64_052cbc380c44ea67\igdgmm64.dll
0x00007ffe58180000 - 0x00007ffe581f0000 	C:\WINDOWS\System32\WINTRUST.dll
0x00007ffe585b0000 - 0x00007ffe5871f000 	C:\WINDOWS\System32\CRYPT32.dll
0x00007ffe57890000 - 0x00007ffe578a1000 	C:\WINDOWS\SYSTEM32\MSASN1.dll
0x00007ffe43c30000 - 0x00007ffe4806e000 	C:\Windows\System32\DriverStore\FileRepository\24_asus_tgl-up3_iigd_dch.inf_amd64_052cbc380c44ea67\igc64.dll
0x00007ffe22130000 - 0x00007ffe2218d000 	C:\Users\pk264\AppData\Local\Temp\lwjglpk264\3.3.1-build-7\lwjgl_opengl.dll
0x00007ffe43630000 - 0x00007ffe43760000 	C:\WINDOWS\SYSTEM32\textinputframework.dll
0x00007ffe51920000 - 0x00007ffe51c8e000 	C:\WINDOWS\SYSTEM32\CoreUIComponents.dll

dbghelp: loaded successfully - version: 4.0.5 - missing functions: none
symbol engine: initialized successfully - sym options: 0x614 - pdb path: .;C:\Program Files\Eclipse Adoptium\jdk-17.0.4.101-hotspot\bin;C:\WINDOWS\SYSTEM32;C:\WINDOWS\WinSxS\amd64_microsoft.windows.common-controls_6595b64144ccf1df_6.0.25247.1000_none_7aedc753f2a8b3d1;C:\Program Files\Eclipse Adoptium\jdk-17.0.4.101-hotspot\bin\server;C:\Program Files\JetBrains\IntelliJ IDEA Community Edition 2022.1.2\bin;C:\Users\pk264\AppData\Local\Temp\libgdxpk264\e787ab0a;C:\Users\pk264\AppData\Local\Temp\lwjglpk264\3.3.1-build-7;C:\Windows\System32\DriverStore\FileRepository\24_asus_tgl-up3_iigd_dch.inf_amd64_052cbc380c44ea67

VM Arguments:
jvm_args: -javaagent:C:\Users\pk264\AppData\Local\JetBrains\IdeaIC2022.1\testAgent\intellij-coverage-agent-1.0.656.jar=C:\Users\pk264\AppData\Local\Temp\coverage54args -Didea.new.sampling.coverage=true -Dcoverage.ignore.private.constructor.util.class=true -javaagent:C:\Program Files\JetBrains\IntelliJ IDEA Community Edition 2022.1.2\lib\idea_rt.jar=57398:C:\Program Files\JetBrains\IntelliJ IDEA Community Edition 2022.1.2\bin -Dfile.encoding=UTF-8 
java_command: com.mygdx.game.DesktopLauncher
java_class_path (initial): C:\Users\pk264\.anaconda\prac\desktop\build\classes\java\main;C:\Users\pk264\.anaconda\prac\desktop\build\resources\main;C:\Users\pk264\.gradle\caches\modules-2\files-2.1\com.badlogicgames.gdx\gdx-backend-lwjgl3\1.11.0\58a96db4cd349be4292d547856aa1e1c5f065f4e\gdx-backend-lwjgl3-1.11.0.jar;C:\Users\pk264\.gradle\caches\modules-2\files-2.1\com.badlogicgames.gdx\gdx-platform\1.11.0\697fb13eada6d3c6ca648c9788692b0159add126\gdx-platform-1.11.0-natives-desktop.jar;C:\Users\pk264\.gradle\caches\modules-2\files-2.1\com.badlogicgames.gdx\gdx-bullet-platform\1.11.0\2c067b913a306ba26d482075297538ad91cdb88b\gdx-bullet-platform-1.11.0-natives-desktop.jar;C:\Users\pk264\.gradle\caches\modules-2\files-2.1\com.badlogicgames.gdx\gdx-freetype-platform\1.11.0\420e2c2c206843a0d51010be28a141a1eb946235\gdx-freetype-platform-1.11.0-natives-desktop.jar;C:\Users\pk264\.gradle\caches\modules-2\files-2.1\com.badlogicgames.gdx\gdx-box2d-platform\1.11.0\62ff9baa1e57a11e0a4428a38c9660bf9f312fdc\gdx-box2d-platform-1.11.0-natives-desktop.jar;C:\Users\pk264\.anaconda\prac\core\build\classes\java\main;C:\Users\pk264\.gradle\caches\modules-2\files-2.1\com.kotlinnlp\progressindicator\1.0.0\bb4185196616ec741b3b2b9dfe0e126d3b88d601\progressindicator-1.0.0.jar;C:\Users\pk264\.gradle\caches\modules-2\files-2.1\org.jrebirth.af\preloader\8.6.0\7b6e66cafe47c0f25e597c0ff3f0cbab51a892c6\preloader-8.6.0.jar;C:\Users\pk264\.gradle\caches\modules-2\files-2.1\com.twitter\util-class-preloader_2.10\6.34.0\1e1d3e8d96122d840020cee0fef667fb349fbf28\util-class-preloader_2.10-6.34.0.jar;C:\Users\pk264\.gradle\caches\modules-2\files-2.1\com.twitter\util-class-preloader_2.9.2\6.20.0\9b2ea7e00bf4c0ec789b32f350a88fa9a45ca516\util-class-preloader_2.9.2-6.20.0.jar;C:\Users\pk264\.gradle\caches\modules-2\files-2.1\ns-reloader\ns-reloader\1.0.0\bc119c1bb430f677bf0bb9949e040fc96dec9d7f\ns-reloader-1.0.0.jar;C:\Users\pk264\.gradle\caches\modules-2\files-2.1\sitemap\sitemap\0.4.0\2b0b11c7872640c40b4c544
Launcher Type: SUN_STANDARD

[Global flags]
     intx CICompilerCount                          = 4                                         {product} {ergonomic}
     uint ConcGCThreads                            = 2                                         {product} {ergonomic}
     uint G1ConcRefinementThreads                  = 8                                         {product} {ergonomic}
   size_t G1HeapRegionSize                         = 1048576                                   {product} {ergonomic}
    uintx GCDrainStackTargetSize                   = 64                                        {product} {ergonomic}
   size_t InitialHeapSize                          = 130023424                                 {product} {ergonomic}
   size_t MarkStackSize                            = 4194304                                   {product} {ergonomic}
   size_t MaxHeapSize                              = 2067791872                                {product} {ergonomic}
   size_t MaxNewSize                               = 1240465408                                {product} {ergonomic}
   size_t MinHeapDeltaBytes                        = 1048576                                   {product} {ergonomic}
   size_t MinHeapSize                              = 8388608                                   {product} {ergonomic}
    uintx NonNMethodCodeHeapSize                   = 5839372                                {pd product} {ergonomic}
    uintx NonProfiledCodeHeapSize                  = 122909434                              {pd product} {ergonomic}
    uintx ProfiledCodeHeapSize                     = 122909434                              {pd product} {ergonomic}
    uintx ReservedCodeCacheSize                    = 251658240                              {pd product} {ergonomic}
     bool SegmentedCodeCache                       = true                                      {product} {ergonomic}
   size_t SoftMaxHeapSize                          = 2067791872                             {manageable} {ergonomic}
     bool UseCompressedClassPointers               = true                           {product lp64_product} {ergonomic}
     bool UseCompressedOops                        = true                           {product lp64_product} {ergonomic}
     bool UseG1GC                                  = true                                      {product} {ergonomic}
     bool UseLargePagesIndividualAllocation        = false                                  {pd product} {ergonomic}

Logging:
Log output configuration:
 #0: stdout all=off uptime,level,tags
 #1: stderr all=off uptime,level,tags

Environment Variables:
PATH=C:\Program Files\Eclipse Adoptium\jdk-17.0.4.101-hotspot\bin;C:\Program Files\Common Files\Oracle\Java\javapath;C:\WINDOWS\system32;C:\WINDOWS;C:\WINDOWS\System32\Wbem;C:\WINDOWS\System32\WindowsPowerShell\v1.0\;C:\WINDOWS\System32\OpenSSH\;C:\MinGW\bin;C:\Program Files\Git\cmd;C:\Users\pk264\AppData\Local\Programs\Python\Python310;C:\Users\pk264\AppData\Local\Programs\Python\Python310\Scripts;C:\Users\pk264\OneDrive\Desktop\Matlab working space\bin;C:\Users\pk264\AppData\Local\Programs\Python\Python310\Scripts\;C:\Users\pk264\AppData\Local\Programs\Python\Python310\;C:\Users\pk264\AppData\Local\Microsoft\WindowsApps;C:\MinGW\bin;;C:\Program Files\JetBrains\IntelliJ IDEA Community Edition 2022.1\bin;;C:\Users\pk264\AppData\Local\Programs\Microsoft VS Code\bin
USERNAME=pk264
OS=Windows_NT
PROCESSOR_IDENTIFIER=Intel64 Family 6 Model 140 Stepping 1, GenuineIntel
TMP=C:\Users\pk264\AppData\Local\Temp
TEMP=C:\Users\pk264\AppData\Local\Temp



---------------  S Y S T E M  ---------------

OS:
 Windows 11 , 64 bit Build 25247 (10.0.25247.1000)
OS uptime: 0 days 12:53 hours
Hyper-V role detected

CPU: total 8 (initial active 8) (4 cores per cpu, 2 threads per core) family 6 model 140 stepping 1 microcode 0xa4, cx8, cmov, fxsr, ht, mmx, 3dnowpref, sse, sse2, sse3, ssse3, sse4.1, sse4.2, popcnt, lzcnt, tsc, tscinvbit, avx, avx2, aes, erms, clmul, bmi1, bmi2, adx, avx512f, avx512dq, avx512cd, avx512bw, avx512vl, sha, fma, vzeroupper, avx512_vpopcntdq, avx512_vpclmulqdq, avx512_vaes, avx512_vnni, clflush, clflushopt, clwb, avx512_vbmi2, avx512_vbmi, hv

Memory: 4k page, system-wide physical 7886M (673M free)
TotalPageFile size 18638M (AvailPageFile size 4144M)
current process WorkingSet (physical memory assigned to process): 376M, peak: 609M
current process commit charge ("private bytes"): 654M, peak: 662M

vm_info: OpenJDK 64-Bit Server VM (17.0.4.1+1) for windows-amd64 JRE (17.0.4.1+1), built on Aug 17 2022 07:42:43 by "temurin" with MS VC++ 16.7 (VS2019)

END.
