#
# A fatal error has been detected by the Java Runtime Environment:
#
#  EXCEPTION_ACCESS_VIOLATION (0xc0000005) at pc=0x00007ffdd21995aa, pid=9100, tid=19804
#
# JRE version: OpenJDK Runtime Environment Temurin-17.0.4.1+1 (17.0.4.1+1) (build 17.0.4.1+1)
# Java VM: OpenJDK 64-Bit Server VM Temurin-17.0.4.1+1 (17.0.4.1+1, mixed mode, sharing, tiered, compressed oops, compressed class ptrs, g1 gc, windows-amd64)
# Problematic frame:
# C  [igxelpicd64.dll+0x2895aa]
#
# No core dump will be written. Minidumps are not enabled by default on client versions of Windows
#
# If you would like to submit a bug report, please visit:
#   https://github.com/adoptium/adoptium-support/issues
#

---------------  S U M M A R Y ------------

Command Line: -javaagent:C:\Users\pk264\AppData\Local\JetBrains\IdeaIC2022.1\testAgent\intellij-coverage-agent-1.0.656.jar=C:\Users\pk264\AppData\Local\Temp\coverage524args -Didea.new.sampling.coverage=true -Dcoverage.ignore.private.constructor.util.class=true -javaagent:C:\Program Files\JetBrains\IntelliJ IDEA Community Edition 2022.1.2\lib\idea_rt.jar=59159:C:\Program Files\JetBrains\IntelliJ IDEA Community Edition 2022.1.2\bin -Dfile.encoding=UTF-8 com.mygdx.game.DesktopLauncher

Host: 11th Gen Intel(R) Core(TM) i5-1135G7 @ 2.40GHz, 8 cores, 7G,  Windows 11 , 64 bit Build 25247 (10.0.25247.1000)
Time: Sat Nov 26 04:22:37 2022 India Standard Time elapsed time: 56.705550 seconds (0d 0h 0m 56s)

---------------  T H R E A D  ---------------

Current thread (0x000002b2ff5a0c50):  VMThread "VM Thread" [stack: 0x000000cc10c00000,0x000000cc10d00000] [id=19804]

Stack: [0x000000cc10c00000,0x000000cc10d00000],  sp=0x000000cc10cfe4f0,  free space=1017k
Native frames: (J=compiled Java code, j=interpreted, Vv=VM code, C=native code)
C  [igxelpicd64.dll+0x2895aa]


siginfo: EXCEPTION_ACCESS_VIOLATION (0xc0000005), reading address 0x0000000000035f88


Register to memory mapping:

RIP=0x00007ffdd21995aa igxelpicd64.dll
RAX=0x000002b2a74fbba8 points into unknown readable memory: 0x0000000000172193 | 93 21 17 00 00 00 00 00
RBX=0x0 is NULL
RCX=0x0 is NULL
RDX=0x00000000fffffff0 is an unallocated location in the heap
RSP=0x000000cc10cfe4f0 points into unknown readable memory: 0x000002b29464c980 | 80 c9 64 94 b2 02 00 00
RBP=0x000000cc10cfe558 points into unknown readable memory: 0x0000000000000014 | 14 00 00 00 00 00 00 00
RSI=0x000002b294c10150 points into unknown readable memory: 0x000002b2945fb601 | 01 b6 5f 94 b2 02 00 00
RDI=0x0 is NULL
R8 =0x0 is NULL
R9 =0x0 is NULL
R10=0x000002b2a74fc078 points into unknown readable memory: 0x000002b2a74e3e00 | 00 3e 4e a7 b2 02 00 00
R11=0x0000000000000246 is an unknown value
R12=0x000002b294b6de88 points into unknown readable memory: 0x0000000000040000 | 00 00 04 00 00 00 00 00
R13=0x0 is NULL
R14=0x000002b2a74fbaa0 points into unknown readable memory: 0x000002b294679b00 | 00 9b 67 94 b2 02 00 00
R15=0x0000000000000016 is an unknown value


Registers:
RAX=0x000002b2a74fbba8, RBX=0x0000000000000000, RCX=0x0000000000000000, RDX=0x00000000fffffff0
RSP=0x000000cc10cfe4f0, RBP=0x000000cc10cfe558, RSI=0x000002b294c10150, RDI=0x0000000000000000
R8 =0x0000000000000000, R9 =0x0000000000000000, R10=0x000002b2a74fc078, R11=0x0000000000000246
R12=0x000002b294b6de88, R13=0x0000000000000000, R14=0x000002b2a74fbaa0, R15=0x0000000000000016
RIP=0x00007ffdd21995aa, EFLAGS=0x0000000000010202

Top of Stack: (sp=0x000000cc10cfe4f0)
0x000000cc10cfe4f0:   000002b29464c980 0000000000000000
0x000000cc10cfe500:   000000cc10cfe6a0 00007ffe58de0db9
0x000000cc10cfe510:   000002b2a74e3e00 0000000000000000
0x000000cc10cfe520:   000002b29464c980 000002b2a74fc078
0x000000cc10cfe530:   01cc423501dd0303 00007ffe5adb3e94
0x000000cc10cfe540:   013d756e00902c68 00cfada500ca818a
0x000000cc10cfe550:   01e099ce00c601c2 0000000000000014
0x000000cc10cfe560:   00000000001721a3 0000b80233570000
0x000000cc10cfe570:   000002b294b6de88 0000000000000000
0x000000cc10cfe580:   0000000000000000 000002b294c10150
0x000000cc10cfe590:   000000cc10cfe6a0 00007ffdd1f91d5f
0x000000cc10cfe5a0:   000002b294c10100 0000000000000016
0x000000cc10cfe5b0:   0000000000000000 0000000000000000
0x000000cc10cfe5c0:   000000cc00000664 00007f0000000000
0x000000cc10cfe5d0:   0000000000000000 0053002b002b0033
0x000000cc10cfe5e0:   00000202002b002b 000002b2f2020b80 

Instructions: (pc=0x00007ffdd21995aa)
0x00007ffdd21994aa:   25 58 00 00 00 41 bd 20 00 00 00 48 8b 04 f8 4e
0x00007ffdd21994ba:   8b 2c 28 40 8a 7d 58 4c 3b 2d 10 be d5 00 45 0f
0x00007ffdd21994ca:   44 f8 44 89 7d 50 48 85 c9 0f 84 68 07 00 00 33
0x00007ffdd21994da:   db 4c 8b f1 4c 8d 91 d8 05 00 00 4c 89 55 d0 49
0x00007ffdd21994ea:   8b 02 48 89 45 b8 40 84 ff 74 10 48 8b d1 48 8b
0x00007ffdd21994fa:   09 e8 40 ca df ff e9 ef 06 00 00 44 8b 86 c8 01
0x00007ffdd219950a:   00 00 48 8b 05 cd 5e c5 00 83 b8 78 03 00 00 02
0x00007ffdd219951a:   0f 85 1d 02 00 00 41 8d 50 f0 41 83 f8 10 73 11
0x00007ffdd219952a:   4a 8d 04 c5 21 00 00 00 49 03 c0 48 8d 04 c1 eb
0x00007ffdd219953a:   5b 8b c2 c1 e8 04 83 f8 03 73 1f 0f ae e8 8b ca
0x00007ffdd219954a:   83 e1 0f 4d 8b 8c c6 88 05 00 00 4d 85 c9 74 21
0x00007ffdd219955a:   48 8d 0c c9 49 8d 04 c9 eb 32 48 8b 81 a0 05 00
0x00007ffdd219956a:   00 eb 09 44 39 00 74 2f 48 8b 40 50 48 85 c0 75
0x00007ffdd219957a:   f2 41 38 9e a8 05 00 00 74 23 41 8b c0 83 e0 0f
0x00007ffdd219958a:   48 8d 04 c0 48 8d 40 21 49 8d 04 c6 48 85 c0 74
0x00007ffdd219959a:   0c 48 8b 48 08 eb 09 48 83 c0 08 eb ef 48 8b cb
0x00007ffdd21995aa:   49 3b 8d 88 5f 03 00 0f 86 86 01 00 00 41 83 f8
0x00007ffdd21995ba:   10 73 0d 4a 8d 04 c5 21 00 00 00 49 03 c0 eb 55
0x00007ffdd21995ca:   8b c2 c1 e8 04 83 f8 03 73 1d 0f ae e8 83 e2 0f
0x00007ffdd21995da:   4d 8b 8c c6 88 05 00 00 4d 85 c9 74 21 48 8d 0c
0x00007ffdd21995ea:   d2 49 8d 04 c9 eb 32 49 8b 86 a0 05 00 00 eb 09
0x00007ffdd21995fa:   44 39 00 74 2f 48 8b 40 50 48 85 c0 75 f2 41 38
0x00007ffdd219960a:   9e a8 05 00 00 74 23 41 8b c0 83 e0 0f 48 8d 04
0x00007ffdd219961a:   c0 48 8d 40 21 49 8d 04 c6 48 85 c0 74 0c 48 8b
0x00007ffdd219962a:   48 08 eb 09 48 83 c0 08 eb ef 48 8b cb 49 3b 8e
0x00007ffdd219963a:   50 06 00 00 0f 86 f9 00 00 00 48 8b 86 78 02 00
0x00007ffdd219964a:   00 49 89 02 4c 89 b6 78 02 00 00 ff 86 80 02 00
0x00007ffdd219965a:   00 49 8b 46 08 48 8b 88 18 01 00 00 48 81 e1 00
0x00007ffdd219966a:   00 ff ff 48 81 c1 00 00 01 00 48 01 8e 88 02 00
0x00007ffdd219967a:   00 ba 01 00 00 00 49 8b 4e 08 e8 17 34 db ff 48
0x00007ffdd219968a:   01 86 a0 02 00 00 45 85 ff 0f 84 9a 00 00 00 49
0x00007ffdd219969a:   8b 9d 28 57 03 00 0f 57 c0 f3 0f 7f 45 d8 45 33 


Stack slot to memory mapping:
stack at sp + 0 slots: 0x000002b29464c980 points into unknown readable memory: 0xffffffffffffffff | ff ff ff ff ff ff ff ff
stack at sp + 1 slots: 0x0 is NULL
stack at sp + 2 slots: 0x000000cc10cfe6a0 points into unknown readable memory: 0x0000000000000000 | 00 00 00 00 00 00 00 00
stack at sp + 3 slots: 0x00007ffe58de0db9 USER32.dll
stack at sp + 4 slots: 0x000002b2a74e3e00 points into unknown readable memory: 0x000002b294679b00 | 00 9b 67 94 b2 02 00 00
stack at sp + 5 slots: 0x0 is NULL
stack at sp + 6 slots: 0x000002b29464c980 points into unknown readable memory: 0xffffffffffffffff | ff ff ff ff ff ff ff ff
stack at sp + 7 slots: 0x000002b2a74fc078 points into unknown readable memory: 0x000002b2a74e3e00 | 00 3e 4e a7 b2 02 00 00

VM_Operation (0x000000cc130ff320): Exit, mode: safepoint, requested by thread 0x000002b294f6c320


---------------  P R O C E S S  ---------------

Threads class SMR info:
_java_thread_list=0x000002b29501e440, length=13, elements={
0x000002b2f4401c20, 0x000002b2ff5a25d0, 0x000002b2ff5a2f80, 0x000002b2ff5b2520,
0x000002b2ff5b2ed0, 0x000002b2ff5b3880, 0x000002b2ff5b6970, 0x000002b2ff5b9370,
0x000002b2ff5bdac0, 0x000002b29392ff80, 0x000002b293edafa0, 0x000002b29413a370,
0x000002b294f6c320
}

Java Threads: ( => current thread )
  0x000002b2f4401c20 JavaThread "main" [_thread_blocked, id=16328, stack(0x000000cc10600000,0x000000cc10700000)]
  0x000002b2ff5a25d0 JavaThread "Reference Handler" daemon [_thread_blocked, id=10568, stack(0x000000cc10d00000,0x000000cc10e00000)]
  0x000002b2ff5a2f80 JavaThread "Finalizer" daemon [_thread_blocked, id=14112, stack(0x000000cc10e00000,0x000000cc10f00000)]
  0x000002b2ff5b2520 JavaThread "Attach Listener" daemon [_thread_blocked, id=13480, stack(0x000000cc11000000,0x000000cc11100000)]
  0x000002b2ff5b2ed0 JavaThread "Service Thread" daemon [_thread_blocked, id=3016, stack(0x000000cc11100000,0x000000cc11200000)]
  0x000002b2ff5b3880 JavaThread "Monitor Deflation Thread" daemon [_thread_blocked, id=13168, stack(0x000000cc11200000,0x000000cc11300000)]
  0x000002b2ff5b6970 JavaThread "C2 CompilerThread0" daemon [_thread_blocked, id=10688, stack(0x000000cc11300000,0x000000cc11400000)]
  0x000002b2ff5b9370 JavaThread "C1 CompilerThread0" daemon [_thread_blocked, id=4052, stack(0x000000cc11400000,0x000000cc11500000)]
  0x000002b2ff5bdac0 JavaThread "Sweeper thread" daemon [_thread_blocked, id=17996, stack(0x000000cc11500000,0x000000cc11600000)]
  0x000002b29392ff80 JavaThread "Common-Cleaner" daemon [_thread_blocked, id=20116, stack(0x000000cc11600000,0x000000cc11700000)]
  0x000002b293edafa0 JavaThread "Monitor Ctrl-Break" daemon [_thread_in_native, id=11500, stack(0x000000cc11700000,0x000000cc11800000)]
  0x000002b29413a370 JavaThread "Notification Thread" daemon [_thread_blocked, id=13112, stack(0x000000cc11800000,0x000000cc11900000)]
  0x000002b294f6c320 JavaThread "SIGINT handler" daemon [_thread_blocked, id=3100, stack(0x000000cc13000000,0x000000cc13100000)]

Other Threads:
=>0x000002b2ff5a0c50 VMThread "VM Thread" [stack: 0x000000cc10c00000,0x000000cc10d00000] [id=19804]
  0x000002b2f4423460 GCTaskThread "GC Thread#0" [stack: 0x000000cc10700000,0x000000cc10800000] [id=1836]
  0x000002b294eb7790 GCTaskThread "GC Thread#1" [stack: 0x000000cc12300000,0x000000cc12400000] [id=19312]
  0x000002b294e4e500 GCTaskThread "GC Thread#2" [stack: 0x000000cc12400000,0x000000cc12500000] [id=8388]
  0x000002b294dcc410 GCTaskThread "GC Thread#3" [stack: 0x000000cc12500000,0x000000cc12600000] [id=2892]
  0x000002b294dcc6c0 GCTaskThread "GC Thread#4" [stack: 0x000000cc12600000,0x000000cc12700000] [id=4268]
  0x000002b294dcc970 GCTaskThread "GC Thread#5" [stack: 0x000000cc12700000,0x000000cc12800000] [id=10208]
  0x000002b294dccc20 GCTaskThread "GC Thread#6" [stack: 0x000000cc12800000,0x000000cc12900000] [id=972]
  0x000002b294dcd2e0 GCTaskThread "GC Thread#7" [stack: 0x000000cc12900000,0x000000cc12a00000] [id=3512]
  0x000002b2f446d8c0 ConcurrentGCThread "G1 Main Marker" terminated
  0x000002b2f446e340 ConcurrentGCThread "G1 Conc#0" [stack: 0x000000cc10900000,0x000000cc10a00000] [id=11880]
  0x000002b29503cb80 ConcurrentGCThread "G1 Conc#1" [stack: 0x000000cc12e00000,0x000000cc12f00000] [id=5196]
  0x000002b2f449e8d0 ConcurrentGCThread "G1 Refine#0" terminated
  0x000002b294e4d940 ConcurrentGCThread "G1 Refine#1" terminated
  0x000002b295046470 ConcurrentGCThread "G1 Refine#2" terminated
  0x000002b2950470d0 ConcurrentGCThread "G1 Refine#3" terminated
  0x000002b2950473b0 ConcurrentGCThread "G1 Refine#4" terminated
  0x000002b29503ce30 ConcurrentGCThread "G1 Refine#5" terminated
  0x000002b2ff44a4e0 ConcurrentGCThread "G1 Service" terminated

Threads with active compile tasks:

VM state: at safepoint (shutting down)

VM Mutex/Monitor currently owned by a thread:  ([mutex/lock_event])
[0x000002b2f43fd8e0] Threads_lock - owner thread: 0x000002b2ff5a0c50
[0x000002b2f43fd580] Heap_lock - owner thread: 0x000002b294f6c320

Heap address: 0x0000000084c00000, size: 1972 MB, Compressed Oops mode: 32-bit

CDS archive(s) mapped at: [0x0000000800000000-0x0000000800bc0000-0x0000000800bc0000), size 12320768, SharedBaseAddress: 0x0000000800000000, ArchiveRelocationMode: 0.
Compressed class space mapped at: 0x0000000800c00000-0x0000000840c00000, reserved size: 1073741824
Narrow klass base: 0x0000000800000000, Narrow klass shift: 0, Narrow klass range: 0x100000000

GC Precious Log:
 CPUs: 8 total, 8 available
 Memory: 7886M
 Large Page Support: Disabled
 NUMA Support: Disabled
 Compressed Oops: Enabled (32-bit)
 Heap Region Size: 1M
 Heap Min Capacity: 8M
 Heap Initial Capacity: 124M
 Heap Max Capacity: 1972M
 Pre-touch: Disabled
 Parallel Workers: 8
 Concurrent Workers: 2
 Concurrent Refinement Workers: 8
 Periodic GC: Disabled

Heap:
 garbage-first heap   total 188416K, used 58880K [0x0000000084c00000, 0x0000000100000000)
  region size 1024K, 14 young (14336K), 2 survivors (2048K)
 Metaspace       used 6964K, committed 7104K, reserved 1056768K
  class space    used 503K, committed 576K, reserved 1048576K

Heap Regions: E=young(eden), S=young(survivor), O=old, HS=humongous(starts), HC=humongous(continues), CS=collection set, F=free, OA=open archive, CA=closed archive, TAMS=top-at-mark-start (previous, next)
|   0|0x0000000084c00000, 0x0000000084d00000, 0x0000000084d00000|100%| O|  |TAMS 0x0000000084d00000, 0x0000000084c00000| Untracked 
|   1|0x0000000084d00000, 0x0000000084e00000, 0x0000000084e00000|100%| O|  |TAMS 0x0000000084e00000, 0x0000000084d00000| Untracked 
|   2|0x0000000084e00000, 0x0000000084f00000, 0x0000000084f00000|100%| O|  |TAMS 0x0000000084f00000, 0x0000000084e00000| Untracked 
|   3|0x0000000084f00000, 0x0000000084f00000, 0x0000000085000000|  0%| F|  |TAMS 0x0000000084f00000, 0x0000000084f00000| Untracked 
|   4|0x0000000085000000, 0x0000000085000000, 0x0000000085100000|  0%| F|  |TAMS 0x0000000085000000, 0x0000000085000000| Untracked 
|   5|0x0000000085100000, 0x0000000085100000, 0x0000000085200000|  0%| F|  |TAMS 0x0000000085100000, 0x0000000085100000| Untracked 
|   6|0x0000000085200000, 0x0000000085200000, 0x0000000085300000|  0%| F|  |TAMS 0x0000000085200000, 0x0000000085200000| Untracked 
|   7|0x0000000085300000, 0x0000000085400000, 0x0000000085400000|100%| O|  |TAMS 0x0000000085400000, 0x0000000085300000| Complete 
|   8|0x0000000085400000, 0x0000000085500000, 0x0000000085500000|100%| O|  |TAMS 0x0000000085500000, 0x0000000085400000| Untracked 
|   9|0x0000000085500000, 0x0000000085500000, 0x0000000085600000|  0%| F|  |TAMS 0x0000000085500000, 0x0000000085500000| Untracked 
|  10|0x0000000085600000, 0x0000000085600000, 0x0000000085700000|  0%| F|  |TAMS 0x0000000085600000, 0x0000000085600000| Untracked 
|  11|0x0000000085700000, 0x0000000085700000, 0x0000000085800000|  0%| F|  |TAMS 0x0000000085700000, 0x0000000085700000| Untracked 
|  12|0x0000000085800000, 0x0000000085800000, 0x0000000085900000|  0%| F|  |TAMS 0x0000000085800000, 0x0000000085800000| Untracked 
|  13|0x0000000085900000, 0x0000000085900000, 0x0000000085a00000|  0%| F|  |TAMS 0x0000000085900000, 0x0000000085900000| Untracked 
|  14|0x0000000085a00000, 0x0000000085a00000, 0x0000000085b00000|  0%| F|  |TAMS 0x0000000085a00000, 0x0000000085a00000| Untracked 
|  15|0x0000000085b00000, 0x0000000085b00000, 0x0000000085c00000|  0%| F|  |TAMS 0x0000000085b00000, 0x0000000085b00000| Untracked 
|  16|0x0000000085c00000, 0x0000000085c00000, 0x0000000085d00000|  0%| F|  |TAMS 0x0000000085c00000, 0x0000000085c00000| Untracked 
|  17|0x0000000085d00000, 0x0000000085d00000, 0x0000000085e00000|  0%| F|  |TAMS 0x0000000085d00000, 0x0000000085d00000| Untracked 
|  18|0x0000000085e00000, 0x0000000085e00000, 0x0000000085f00000|  0%| F|  |TAMS 0x0000000085e00000, 0x0000000085e00000| Untracked 
|  19|0x0000000085f00000, 0x0000000085f00000, 0x0000000086000000|  0%| F|  |TAMS 0x0000000085f00000, 0x0000000085f00000| Untracked 
|  20|0x0000000086000000, 0x0000000086000000, 0x0000000086100000|  0%| F|  |TAMS 0x0000000086000000, 0x0000000086000000| Untracked 
|  21|0x0000000086100000, 0x0000000086100000, 0x0000000086200000|  0%| F|  |TAMS 0x0000000086100000, 0x0000000086100000| Untracked 
|  22|0x0000000086200000, 0x0000000086200000, 0x0000000086300000|  0%| F|  |TAMS 0x0000000086200000, 0x0000000086200000| Untracked 
|  23|0x0000000086300000, 0x0000000086400000, 0x0000000086400000|100%|HS|  |TAMS 0x0000000086400000, 0x0000000086300000| Complete 
|  24|0x0000000086400000, 0x0000000086500000, 0x0000000086500000|100%|HC|  |TAMS 0x0000000086500000, 0x0000000086400000| Complete 
|  25|0x0000000086500000, 0x0000000086600000, 0x0000000086600000|100%|HC|  |TAMS 0x0000000086600000, 0x0000000086500000| Complete 
|  26|0x0000000086600000, 0x0000000086700000, 0x0000000086700000|100%|HC|  |TAMS 0x0000000086700000, 0x0000000086600000| Complete 
|  27|0x0000000086700000, 0x0000000086800000, 0x0000000086800000|100%|HS|  |TAMS 0x0000000086800000, 0x0000000086700000| Complete 
|  28|0x0000000086800000, 0x0000000086900000, 0x0000000086900000|100%|HC|  |TAMS 0x0000000086900000, 0x0000000086800000| Complete 
|  29|0x0000000086900000, 0x0000000086a00000, 0x0000000086a00000|100%|HC|  |TAMS 0x0000000086a00000, 0x0000000086900000| Complete 
|  30|0x0000000086a00000, 0x0000000086b00000, 0x0000000086b00000|100%|HC|  |TAMS 0x0000000086b00000, 0x0000000086a00000| Complete 
|  31|0x0000000086b00000, 0x0000000086b00000, 0x0000000086c00000|  0%| F|  |TAMS 0x0000000086b00000, 0x0000000086b00000| Untracked 
|  32|0x0000000086c00000, 0x0000000086d00000, 0x0000000086d00000|100%| O|  |TAMS 0x0000000086d00000, 0x0000000086c00000| Untracked 
|  33|0x0000000086d00000, 0x0000000086e00000, 0x0000000086e00000|100%| O|  |TAMS 0x0000000086e00000, 0x0000000086d00000| Untracked 
|  34|0x0000000086e00000, 0x0000000086f00000, 0x0000000086f00000|100%| O|  |TAMS 0x0000000086f00000, 0x0000000086e00000| Untracked 
|  35|0x0000000086f00000, 0x0000000087000000, 0x0000000087000000|100%| O|  |TAMS 0x0000000087000000, 0x0000000086f00000| Untracked 
|  36|0x0000000087000000, 0x0000000087100000, 0x0000000087100000|100%| O|  |TAMS 0x0000000087100000, 0x0000000087000000| Untracked 
|  37|0x0000000087100000, 0x0000000087200000, 0x0000000087200000|100%| O|  |TAMS 0x0000000087200000, 0x0000000087100000| Untracked 
|  38|0x0000000087200000, 0x0000000087300000, 0x0000000087300000|100%| O|  |TAMS 0x0000000087300000, 0x0000000087200000| Untracked 
|  39|0x0000000087300000, 0x0000000087400000, 0x0000000087400000|100%| O|  |TAMS 0x0000000087400000, 0x0000000087300000| Untracked 
|  40|0x0000000087400000, 0x0000000087500000, 0x0000000087500000|100%| O|  |TAMS 0x0000000087500000, 0x0000000087400000| Untracked 
|  41|0x0000000087500000, 0x0000000087600000, 0x0000000087600000|100%| O|  |TAMS 0x0000000087600000, 0x0000000087500000| Untracked 
|  42|0x0000000087600000, 0x0000000087600000, 0x0000000087700000|  0%| F|  |TAMS 0x0000000087600000, 0x0000000087600000| Untracked 
|  43|0x0000000087700000, 0x0000000087700000, 0x0000000087800000|  0%| F|  |TAMS 0x0000000087700000, 0x0000000087700000| Untracked 
|  44|0x0000000087800000, 0x0000000087800000, 0x0000000087900000|  0%| F|  |TAMS 0x0000000087800000, 0x0000000087800000| Untracked 
|  45|0x0000000087900000, 0x0000000087900000, 0x0000000087a00000|  0%| F|  |TAMS 0x0000000087900000, 0x0000000087900000| Untracked 
|  46|0x0000000087a00000, 0x0000000087a00000, 0x0000000087b00000|  0%| F|  |TAMS 0x0000000087a00000, 0x0000000087a00000| Untracked 
|  47|0x0000000087b00000, 0x0000000087b00000, 0x0000000087c00000|  0%| F|  |TAMS 0x0000000087b00000, 0x0000000087b00000| Untracked 
|  48|0x0000000087c00000, 0x0000000087c00000, 0x0000000087d00000|  0%| F|  |TAMS 0x0000000087c00000, 0x0000000087c00000| Untracked 
|  49|0x0000000087d00000, 0x0000000087d00000, 0x0000000087e00000|  0%| F|  |TAMS 0x0000000087d00000, 0x0000000087d00000| Untracked 
|  50|0x0000000087e00000, 0x0000000087e00000, 0x0000000087f00000|  0%| F|  |TAMS 0x0000000087e00000, 0x0000000087e00000| Untracked 
|  51|0x0000000087f00000, 0x0000000087f00000, 0x0000000088000000|  0%| F|  |TAMS 0x0000000087f00000, 0x0000000087f00000| Untracked 
|  52|0x0000000088000000, 0x0000000088000000, 0x0000000088100000|  0%| F|  |TAMS 0x0000000088000000, 0x0000000088000000| Untracked 
|  53|0x0000000088100000, 0x0000000088200000, 0x0000000088200000|100%| O|  |TAMS 0x0000000088200000, 0x0000000088100000| Untracked 
|  54|0x0000000088200000, 0x0000000088200000, 0x0000000088300000|  0%| F|  |TAMS 0x0000000088200000, 0x0000000088200000| Untracked 
|  55|0x0000000088300000, 0x0000000088300000, 0x0000000088400000|  0%| F|  |TAMS 0x0000000088300000, 0x0000000088300000| Untracked 
|  56|0x0000000088400000, 0x0000000088500000, 0x0000000088500000|100%| O|  |TAMS 0x0000000088500000, 0x0000000088400000| Untracked 
|  57|0x0000000088500000, 0x0000000088600000, 0x0000000088600000|100%| O|  |TAMS 0x0000000088600000, 0x0000000088500000| Untracked 
|  58|0x0000000088600000, 0x0000000088700000, 0x0000000088700000|100%| O|  |TAMS 0x0000000088700000, 0x0000000088600000| Untracked 
|  59|0x0000000088700000, 0x0000000088800000, 0x0000000088800000|100%| O|  |TAMS 0x0000000088800000, 0x0000000088700000| Untracked 
|  60|0x0000000088800000, 0x0000000088900000, 0x0000000088900000|100%| O|  |TAMS 0x0000000088900000, 0x0000000088800000| Complete 
|  61|0x0000000088900000, 0x0000000088900000, 0x0000000088a00000|  0%| F|  |TAMS 0x0000000088900000, 0x0000000088900000| Untracked 
|  62|0x0000000088a00000, 0x0000000088a00000, 0x0000000088b00000|  0%| F|  |TAMS 0x0000000088a00000, 0x0000000088a00000| Untracked 
|  63|0x0000000088b00000, 0x0000000088b00000, 0x0000000088c00000|  0%| F|  |TAMS 0x0000000088b00000, 0x0000000088b00000| Untracked 
|  64|0x0000000088c00000, 0x0000000088c00000, 0x0000000088d00000|  0%| F|  |TAMS 0x0000000088c00000, 0x0000000088c00000| Untracked 
|  65|0x0000000088d00000, 0x0000000088d00000, 0x0000000088e00000|  0%| F|  |TAMS 0x0000000088d00000, 0x0000000088d00000| Untracked 
|  66|0x0000000088e00000, 0x0000000088e00000, 0x0000000088f00000|  0%| F|  |TAMS 0x0000000088e00000, 0x0000000088e00000| Untracked 
|  67|0x0000000088f00000, 0x0000000088f00000, 0x0000000089000000|  0%| F|  |TAMS 0x0000000088f00000, 0x0000000088f00000| Untracked 
|  68|0x0000000089000000, 0x0000000089000000, 0x0000000089100000|  0%| F|  |TAMS 0x0000000089000000, 0x0000000089000000| Untracked 
|  69|0x0000000089100000, 0x0000000089100000, 0x0000000089200000|  0%| F|  |TAMS 0x0000000089100000, 0x0000000089100000| Untracked 
|  70|0x0000000089200000, 0x0000000089200000, 0x0000000089300000|  0%| F|  |TAMS 0x0000000089200000, 0x0000000089200000| Untracked 
|  71|0x0000000089300000, 0x0000000089300000, 0x0000000089400000|  0%| F|  |TAMS 0x0000000089300000, 0x0000000089300000| Untracked 
|  72|0x0000000089400000, 0x0000000089400000, 0x0000000089500000|  0%| F|  |TAMS 0x0000000089400000, 0x0000000089400000| Untracked 
|  73|0x0000000089500000, 0x0000000089500000, 0x0000000089600000|  0%| F|  |TAMS 0x0000000089500000, 0x0000000089500000| Untracked 
|  74|0x0000000089600000, 0x0000000089700000, 0x0000000089700000|100%| O|  |TAMS 0x0000000089700000, 0x0000000089600000| Untracked 
|  75|0x0000000089700000, 0x0000000089800000, 0x0000000089800000|100%| O|  |TAMS 0x0000000089800000, 0x0000000089700000| Untracked 
|  76|0x0000000089800000, 0x0000000089900000, 0x0000000089900000|100%| O|  |TAMS 0x0000000089900000, 0x0000000089800000| Untracked 
|  77|0x0000000089900000, 0x0000000089a00000, 0x0000000089a00000|100%| O|  |TAMS 0x0000000089a00000, 0x0000000089900000| Complete 
|  78|0x0000000089a00000, 0x0000000089a00000, 0x0000000089b00000|  0%| F|  |TAMS 0x0000000089a00000, 0x0000000089a00000| Untracked 
|  79|0x0000000089b00000, 0x0000000089c00000, 0x0000000089c00000|100%| O|  |TAMS 0x0000000089c00000, 0x0000000089b00000| Complete 
|  80|0x0000000089c00000, 0x0000000089d00000, 0x0000000089d00000|100%| O|  |TAMS 0x0000000089c00000, 0x0000000089c00000| Untracked 
|  81|0x0000000089d00000, 0x0000000089e00000, 0x0000000089e00000|100%| O|  |TAMS 0x0000000089d00000, 0x0000000089d00000| Untracked 
|  82|0x0000000089e00000, 0x0000000089f00000, 0x0000000089f00000|100%| O|  |TAMS 0x0000000089e00000, 0x0000000089e00000| Untracked 
|  83|0x0000000089f00000, 0x000000008a000000, 0x000000008a000000|100%| O|  |TAMS 0x0000000089f00000, 0x0000000089f00000| Untracked 
|  84|0x000000008a000000, 0x000000008a100000, 0x000000008a100000|100%| O|  |TAMS 0x000000008a000000, 0x000000008a000000| Untracked 
|  85|0x000000008a100000, 0x000000008a200000, 0x000000008a200000|100%| O|  |TAMS 0x000000008a100000, 0x000000008a100000| Untracked 
|  86|0x000000008a200000, 0x000000008a300000, 0x000000008a300000|100%| O|  |TAMS 0x000000008a200000, 0x000000008a200000| Untracked 
|  87|0x000000008a300000, 0x000000008a400000, 0x000000008a400000|100%| O|  |TAMS 0x000000008a300000, 0x000000008a300000| Untracked 
|  88|0x000000008a400000, 0x000000008a500000, 0x000000008a500000|100%| O|  |TAMS 0x000000008a400000, 0x000000008a400000| Untracked 
|  89|0x000000008a500000, 0x000000008a600000, 0x000000008a600000|100%| O|  |TAMS 0x000000008a500000, 0x000000008a500000| Untracked 
|  90|0x000000008a600000, 0x000000008a680000, 0x000000008a700000| 50%| O|  |TAMS 0x000000008a600000, 0x000000008a600000| Untracked 
|  91|0x000000008a700000, 0x000000008a700000, 0x000000008a800000|  0%| F|  |TAMS 0x000000008a700000, 0x000000008a700000| Untracked 
|  92|0x000000008a800000, 0x000000008a800000, 0x000000008a900000|  0%| F|  |TAMS 0x000000008a800000, 0x000000008a800000| Untracked 
|  93|0x000000008a900000, 0x000000008a900000, 0x000000008aa00000|  0%| F|  |TAMS 0x000000008a900000, 0x000000008a900000| Untracked 
|  94|0x000000008aa00000, 0x000000008aa00000, 0x000000008ab00000|  0%| F|  |TAMS 0x000000008aa00000, 0x000000008aa00000| Untracked 
|  95|0x000000008ab00000, 0x000000008ab00000, 0x000000008ac00000|  0%| F|  |TAMS 0x000000008ab00000, 0x000000008ab00000| Untracked 
|  96|0x000000008ac00000, 0x000000008ac00000, 0x000000008ad00000|  0%| F|  |TAMS 0x000000008ac00000, 0x000000008ac00000| Untracked 
|  97|0x000000008ad00000, 0x000000008ad00000, 0x000000008ae00000|  0%| F|  |TAMS 0x000000008ad00000, 0x000000008ad00000| Untracked 
|  98|0x000000008ae00000, 0x000000008ae00000, 0x000000008af00000|  0%| F|  |TAMS 0x000000008ae00000, 0x000000008ae00000| Untracked 
|  99|0x000000008af00000, 0x000000008af00000, 0x000000008b000000|  0%| F|  |TAMS 0x000000008af00000, 0x000000008af00000| Untracked 
| 100|0x000000008b000000, 0x000000008b000000, 0x000000008b100000|  0%| F|  |TAMS 0x000000008b000000, 0x000000008b000000| Untracked 
| 101|0x000000008b100000, 0x000000008b100000, 0x000000008b200000|  0%| F|  |TAMS 0x000000008b100000, 0x000000008b100000| Untracked 
| 102|0x000000008b200000, 0x000000008b200000, 0x000000008b300000|  0%| F|  |TAMS 0x000000008b200000, 0x000000008b200000| Untracked 
| 103|0x000000008b300000, 0x000000008b300000, 0x000000008b400000|  0%| F|  |TAMS 0x000000008b300000, 0x000000008b300000| Untracked 
| 104|0x000000008b400000, 0x000000008b400000, 0x000000008b500000|  0%| F|  |TAMS 0x000000008b400000, 0x000000008b400000| Untracked 
| 105|0x000000008b500000, 0x000000008b500000, 0x000000008b600000|  0%| F|  |TAMS 0x000000008b500000, 0x000000008b500000| Untracked 
| 106|0x000000008b600000, 0x000000008b600000, 0x000000008b700000|  0%| F|  |TAMS 0x000000008b600000, 0x000000008b600000| Untracked 
| 107|0x000000008b700000, 0x000000008b700000, 0x000000008b800000|  0%| F|  |TAMS 0x000000008b700000, 0x000000008b700000| Untracked 
| 108|0x000000008b800000, 0x000000008b800000, 0x000000008b900000|  0%| F|  |TAMS 0x000000008b800000, 0x000000008b800000| Untracked 
| 109|0x000000008b900000, 0x000000008b900000, 0x000000008ba00000|  0%| F|  |TAMS 0x000000008b900000, 0x000000008b900000| Untracked 
| 110|0x000000008ba00000, 0x000000008ba00000, 0x000000008bb00000|  0%| F|  |TAMS 0x000000008ba00000, 0x000000008ba00000| Untracked 
| 111|0x000000008bb00000, 0x000000008bb00000, 0x000000008bc00000|  0%| F|  |TAMS 0x000000008bb00000, 0x000000008bb00000| Untracked 
| 112|0x000000008bc00000, 0x000000008bc00000, 0x000000008bd00000|  0%| F|  |TAMS 0x000000008bc00000, 0x000000008bc00000| Untracked 
| 113|0x000000008bd00000, 0x000000008bd00000, 0x000000008be00000|  0%| F|  |TAMS 0x000000008bd00000, 0x000000008bd00000| Untracked 
| 114|0x000000008be00000, 0x000000008be00000, 0x000000008bf00000|  0%| F|  |TAMS 0x000000008be00000, 0x000000008be00000| Untracked 
| 115|0x000000008bf00000, 0x000000008bf00000, 0x000000008c000000|  0%| F|  |TAMS 0x000000008bf00000, 0x000000008bf00000| Untracked 
| 116|0x000000008c000000, 0x000000008c000000, 0x000000008c100000|  0%| F|  |TAMS 0x000000008c000000, 0x000000008c000000| Untracked 
| 117|0x000000008c100000, 0x000000008c100000, 0x000000008c200000|  0%| F|  |TAMS 0x000000008c100000, 0x000000008c100000| Untracked 
| 118|0x000000008c200000, 0x000000008c300000, 0x000000008c300000|100%| S|CS|TAMS 0x000000008c200000, 0x000000008c200000| Complete 
| 119|0x000000008c300000, 0x000000008c400000, 0x000000008c400000|100%| S|CS|TAMS 0x000000008c300000, 0x000000008c300000| Complete 
| 120|0x000000008c400000, 0x000000008c400000, 0x000000008c500000|  0%| F|  |TAMS 0x000000008c400000, 0x000000008c400000| Untracked 
| 121|0x000000008c500000, 0x000000008c500000, 0x000000008c600000|  0%| F|  |TAMS 0x000000008c500000, 0x000000008c500000| Untracked 
| 122|0x000000008c600000, 0x000000008c600000, 0x000000008c700000|  0%| F|  |TAMS 0x000000008c600000, 0x000000008c600000| Untracked 
| 123|0x000000008c700000, 0x000000008c700000, 0x000000008c800000|  0%| F|  |TAMS 0x000000008c700000, 0x000000008c700000| Untracked 
| 124|0x000000008c800000, 0x000000008c800000, 0x000000008c900000|  0%| F|  |TAMS 0x000000008c800000, 0x000000008c800000| Untracked 
| 125|0x000000008c900000, 0x000000008c900000, 0x000000008ca00000|  0%| F|  |TAMS 0x000000008c900000, 0x000000008c900000| Untracked 
| 126|0x000000008ca00000, 0x000000008ca00000, 0x000000008cb00000|  0%| F|  |TAMS 0x000000008ca00000, 0x000000008ca00000| Untracked 
| 127|0x000000008cb00000, 0x000000008cb00000, 0x000000008cc00000|  0%| F|  |TAMS 0x000000008cb00000, 0x000000008cb00000| Untracked 
| 128|0x000000008cc00000, 0x000000008cc00000, 0x000000008cd00000|  0%| F|  |TAMS 0x000000008cc00000, 0x000000008cc00000| Untracked 
| 129|0x000000008cd00000, 0x000000008cd00000, 0x000000008ce00000|  0%| F|  |TAMS 0x000000008cd00000, 0x000000008cd00000| Untracked 
| 130|0x000000008ce00000, 0x000000008ce00000, 0x000000008cf00000|  0%| F|  |TAMS 0x000000008ce00000, 0x000000008ce00000| Untracked 
| 131|0x000000008cf00000, 0x000000008cf00000, 0x000000008d000000|  0%| F|  |TAMS 0x000000008cf00000, 0x000000008cf00000| Untracked 
| 132|0x000000008d000000, 0x000000008d000000, 0x000000008d100000|  0%| F|  |TAMS 0x000000008d000000, 0x000000008d000000| Untracked 
| 133|0x000000008d100000, 0x000000008d100000, 0x000000008d200000|  0%| F|  |TAMS 0x000000008d100000, 0x000000008d100000| Untracked 
| 134|0x000000008d200000, 0x000000008d200000, 0x000000008d300000|  0%| F|  |TAMS 0x000000008d200000, 0x000000008d200000| Untracked 
| 135|0x000000008d300000, 0x000000008d300000, 0x000000008d400000|  0%| F|  |TAMS 0x000000008d300000, 0x000000008d300000| Untracked 
| 136|0x000000008d400000, 0x000000008d400000, 0x000000008d500000|  0%| F|  |TAMS 0x000000008d400000, 0x000000008d400000| Untracked 
| 137|0x000000008d500000, 0x000000008d500000, 0x000000008d600000|  0%| F|  |TAMS 0x000000008d500000, 0x000000008d500000| Untracked 
| 138|0x000000008d600000, 0x000000008d600000, 0x000000008d700000|  0%| F|  |TAMS 0x000000008d600000, 0x000000008d600000| Untracked 
| 139|0x000000008d700000, 0x000000008d700000, 0x000000008d800000|  0%| F|  |TAMS 0x000000008d700000, 0x000000008d700000| Untracked 
| 140|0x000000008d800000, 0x000000008d800000, 0x000000008d900000|  0%| F|  |TAMS 0x000000008d800000, 0x000000008d800000| Untracked 
| 141|0x000000008d900000, 0x000000008d900000, 0x000000008da00000|  0%| F|  |TAMS 0x000000008d900000, 0x000000008d900000| Untracked 
| 142|0x000000008da00000, 0x000000008da00000, 0x000000008db00000|  0%| F|  |TAMS 0x000000008da00000, 0x000000008da00000| Untracked 
| 143|0x000000008db00000, 0x000000008db00000, 0x000000008dc00000|  0%| F|  |TAMS 0x000000008db00000, 0x000000008db00000| Untracked 
| 144|0x000000008dc00000, 0x000000008dc00000, 0x000000008dd00000|  0%| F|  |TAMS 0x000000008dc00000, 0x000000008dc00000| Untracked 
| 145|0x000000008dd00000, 0x000000008dd00000, 0x000000008de00000|  0%| F|  |TAMS 0x000000008dd00000, 0x000000008dd00000| Untracked 
| 146|0x000000008de00000, 0x000000008de00000, 0x000000008df00000|  0%| F|  |TAMS 0x000000008de00000, 0x000000008de00000| Untracked 
| 147|0x000000008df00000, 0x000000008df00000, 0x000000008e000000|  0%| F|  |TAMS 0x000000008df00000, 0x000000008df00000| Untracked 
| 148|0x000000008e000000, 0x000000008e000000, 0x000000008e100000|  0%| F|  |TAMS 0x000000008e000000, 0x000000008e000000| Untracked 
| 149|0x000000008e100000, 0x000000008e100000, 0x000000008e200000|  0%| F|  |TAMS 0x000000008e100000, 0x000000008e100000| Untracked 
| 150|0x000000008e200000, 0x000000008e200000, 0x000000008e300000|  0%| F|  |TAMS 0x000000008e200000, 0x000000008e200000| Untracked 
| 151|0x000000008e300000, 0x000000008e300000, 0x000000008e400000|  0%| F|  |TAMS 0x000000008e300000, 0x000000008e300000| Untracked 
| 152|0x000000008e400000, 0x000000008e400000, 0x000000008e500000|  0%| F|  |TAMS 0x000000008e400000, 0x000000008e400000| Untracked 
| 153|0x000000008e500000, 0x000000008e500000, 0x000000008e600000|  0%| F|  |TAMS 0x000000008e500000, 0x000000008e500000| Untracked 
| 154|0x000000008e600000, 0x000000008e600000, 0x000000008e700000|  0%| F|  |TAMS 0x000000008e600000, 0x000000008e600000| Untracked 
| 155|0x000000008e700000, 0x000000008e700000, 0x000000008e800000|  0%| F|  |TAMS 0x000000008e700000, 0x000000008e700000| Untracked 
| 156|0x000000008e800000, 0x000000008e800000, 0x000000008e900000|  0%| F|  |TAMS 0x000000008e800000, 0x000000008e800000| Untracked 
| 157|0x000000008e900000, 0x000000008e900000, 0x000000008ea00000|  0%| F|  |TAMS 0x000000008e900000, 0x000000008e900000| Untracked 
| 158|0x000000008ea00000, 0x000000008ea00000, 0x000000008eb00000|  0%| F|  |TAMS 0x000000008ea00000, 0x000000008ea00000| Untracked 
| 159|0x000000008eb00000, 0x000000008eb00000, 0x000000008ec00000|  0%| F|  |TAMS 0x000000008eb00000, 0x000000008eb00000| Untracked 
| 160|0x000000008ec00000, 0x000000008ec00000, 0x000000008ed00000|  0%| F|  |TAMS 0x000000008ec00000, 0x000000008ec00000| Untracked 
| 161|0x000000008ed00000, 0x000000008ed00000, 0x000000008ee00000|  0%| F|  |TAMS 0x000000008ed00000, 0x000000008ed00000| Untracked 
| 162|0x000000008ee00000, 0x000000008ee00000, 0x000000008ef00000|  0%| F|  |TAMS 0x000000008ee00000, 0x000000008ee00000| Untracked 
| 163|0x000000008ef00000, 0x000000008ef00000, 0x000000008f000000|  0%| F|  |TAMS 0x000000008ef00000, 0x000000008ef00000| Untracked 
| 164|0x000000008f000000, 0x000000008f000000, 0x000000008f100000|  0%| F|  |TAMS 0x000000008f000000, 0x000000008f000000| Untracked 
| 165|0x000000008f100000, 0x000000008f100000, 0x000000008f200000|  0%| F|  |TAMS 0x000000008f100000, 0x000000008f100000| Untracked 
| 166|0x000000008f200000, 0x000000008f200000, 0x000000008f300000|  0%| F|  |TAMS 0x000000008f200000, 0x000000008f200000| Untracked 
| 167|0x000000008f300000, 0x000000008f300000, 0x000000008f400000|  0%| F|  |TAMS 0x000000008f300000, 0x000000008f300000| Untracked 
| 168|0x000000008f400000, 0x000000008f400000, 0x000000008f500000|  0%| F|  |TAMS 0x000000008f400000, 0x000000008f400000| Untracked 
| 169|0x000000008f500000, 0x000000008f500000, 0x000000008f600000|  0%| F|  |TAMS 0x000000008f500000, 0x000000008f500000| Untracked 
| 170|0x000000008f600000, 0x000000008f600000, 0x000000008f700000|  0%| F|  |TAMS 0x000000008f600000, 0x000000008f600000| Untracked 
| 171|0x000000008f700000, 0x000000008f700000, 0x000000008f800000|  0%| F|  |TAMS 0x000000008f700000, 0x000000008f700000| Untracked 
| 172|0x000000008f800000, 0x000000008f8f1ed0, 0x000000008f900000| 94%| E|  |TAMS 0x000000008f800000, 0x000000008f800000| Complete 
| 173|0x000000008f900000, 0x000000008fa00000, 0x000000008fa00000|100%| E|CS|TAMS 0x000000008f900000, 0x000000008f900000| Complete 
| 174|0x000000008fa00000, 0x000000008fb00000, 0x000000008fb00000|100%| E|CS|TAMS 0x000000008fa00000, 0x000000008fa00000| Complete 
| 175|0x000000008fb00000, 0x000000008fc00000, 0x000000008fc00000|100%| E|CS|TAMS 0x000000008fb00000, 0x000000008fb00000| Complete 
| 388|0x000000009d000000, 0x000000009d100000, 0x000000009d100000|100%| E|CS|TAMS 0x000000009d000000, 0x000000009d000000| Complete 
| 389|0x000000009d100000, 0x000000009d200000, 0x000000009d200000|100%| E|CS|TAMS 0x000000009d100000, 0x000000009d100000| Complete 
| 390|0x000000009d200000, 0x000000009d300000, 0x000000009d300000|100%| E|CS|TAMS 0x000000009d200000, 0x000000009d200000| Complete 
| 391|0x000000009d300000, 0x000000009d400000, 0x000000009d400000|100%| E|CS|TAMS 0x000000009d300000, 0x000000009d300000| Complete 
| 392|0x000000009d400000, 0x000000009d500000, 0x000000009d500000|100%| E|CS|TAMS 0x000000009d400000, 0x000000009d400000| Complete 
| 393|0x000000009d500000, 0x000000009d600000, 0x000000009d600000|100%| E|CS|TAMS 0x000000009d500000, 0x000000009d500000| Complete 
| 394|0x000000009d600000, 0x000000009d700000, 0x000000009d700000|100%| E|CS|TAMS 0x000000009d600000, 0x000000009d600000| Complete 
| 395|0x000000009d700000, 0x000000009d800000, 0x000000009d800000|100%| E|CS|TAMS 0x000000009d700000, 0x000000009d700000| Complete 

Card table byte_map: [0x000002b2fc5c0000,0x000002b2fc9a0000] _byte_map_base: 0x000002b2fc19a000

Marking Bits (Prev, Next): (CMBitMap*) 0x000002b2f445d910, (CMBitMap*) 0x000002b2f445d950
 Prev Bits: [0x000002b2fcd80000, 0x000002b2fec50000)
 Next Bits: [0x000002b28f000000, 0x000002b290ed0000)

Polling page: 0x000002b2f2380000

Metaspace:

Usage:
  Non-class:      6.31 MB used.
      Class:    503.09 KB used.
       Both:      6.80 MB used.

Virtual space:
  Non-class space:        8.00 MB reserved,       6.38 MB ( 80%) committed,  1 nodes.
      Class space:        1.00 GB reserved,     576.00 KB ( <1%) committed,  1 nodes.
             Both:        1.01 GB reserved,       6.94 MB ( <1%) committed. 

Chunk freelists:
   Non-Class:  400.00 KB
       Class:  3.45 MB
        Both:  3.84 MB

MaxMetaspaceSize: unlimited
CompressedClassSpaceSize: 1.00 GB
Initial GC threshold: 21.00 MB
Current GC threshold: 21.00 MB
CDS: on
MetaspaceReclaimPolicy: balanced
 - commit_granule_bytes: 65536.
 - commit_granule_words: 8192.
 - virtual_space_node_default_size: 1048576.
 - enlarge_chunks_in_place: 1.
 - new_chunks_are_fully_committed: 0.
 - uncommit_free_chunks: 1.
 - use_allocation_guard: 0.
 - handle_deallocations: 1.


Internal statistics:

num_allocs_failed_limit: 0.
num_arena_births: 66.
num_arena_deaths: 0.
num_vsnodes_births: 2.
num_vsnodes_deaths: 0.
num_space_committed: 109.
num_space_uncommitted: 0.
num_chunks_returned_to_freelist: 0.
num_chunks_taken_from_freelist: 223.
num_chunk_merges: 0.
num_chunk_splits: 163.
num_chunks_enlarged: 125.
num_purges: 0.
num_inconsistent_stats: 0.

CodeHeap 'non-profiled nmethods': size=120000Kb used=609Kb max_used=609Kb free=119390Kb
 bounds [0x000002b287ad0000, 0x000002b287d40000, 0x000002b28f000000]
CodeHeap 'profiled nmethods': size=120000Kb used=2519Kb max_used=2519Kb free=117480Kb
 bounds [0x000002b2805a0000, 0x000002b280820000, 0x000002b287ad0000]
CodeHeap 'non-nmethods': size=5760Kb used=1621Kb max_used=1647Kb free=4138Kb
 bounds [0x000002b280000000, 0x000002b280270000, 0x000002b2805a0000]
 total_blobs=2404 nmethods=1363 adapters=954
 compilation: enabled
              stopped_count=0, restarted_count=0
 full_count=0

Compilation events (20 events):
Event: 56.155 Thread 0x000002b2ff5b9370 1355       3       jdk.internal.math.FDBigInteger::<init> (30 bytes)
Event: 56.155 Thread 0x000002b2ff5b9370 nmethod 1355 0x000002b280811c90 code [0x000002b280811e40, 0x000002b280812048]
Event: 56.156 Thread 0x000002b2ff5b9370 1356       3       java.lang.String::codePointAt (50 bytes)
Event: 56.156 Thread 0x000002b2ff5b9370 nmethod 1356 0x000002b280812190 code [0x000002b280812380, 0x000002b280812728]
Event: 56.174 Thread 0x000002b2ff5b9370 1357       3       java.lang.Character::charCount (12 bytes)
Event: 56.174 Thread 0x000002b2ff5b9370 nmethod 1357 0x000002b280812910 code [0x000002b280812aa0, 0x000002b280812c18]
Event: 56.174 Thread 0x000002b2ff5b9370 1360       3       com.intellij.rt.coverage.util.ThreadLocalCachedValue::dereference (13 bytes)
Event: 56.175 Thread 0x000002b2ff5b9370 nmethod 1360 0x000002b280812c90 code [0x000002b280812e40, 0x000002b280813048]
Event: 56.175 Thread 0x000002b2ff5b9370 1359       3       com.intellij.rt.coverage.util.ThreadLocalCachedValue::getValue (40 bytes)
Event: 56.176 Thread 0x000002b2ff5b9370 nmethod 1359 0x000002b280813110 code [0x000002b280813340, 0x000002b280813da8]
Event: 56.176 Thread 0x000002b2ff5b9370 1358       3       java.lang.Character::isHighSurrogate (18 bytes)
Event: 56.176 Thread 0x000002b2ff5b9370 nmethod 1358 0x000002b280814110 code [0x000002b2808142a0, 0x000002b280814438]
Event: 56.176 Thread 0x000002b2ff5b9370 1361       3       java.io.DataOutputStream::incCount (20 bytes)
Event: 56.176 Thread 0x000002b2ff5b9370 nmethod 1361 0x000002b280814510 code [0x000002b2808146a0, 0x000002b2808147f8]
Event: 56.176 Thread 0x000002b2ff5b9370 1362       3       java.lang.Character::codePointAt (51 bytes)
Event: 56.177 Thread 0x000002b2ff5b9370 nmethod 1362 0x000002b280814890 code [0x000002b280814a80, 0x000002b280815108]
Event: 56.177 Thread 0x000002b2ff5b9370 1363       3       java.util.regex.Pattern$BitClass::is (22 bytes)
Event: 56.177 Thread 0x000002b2ff5b9370 nmethod 1363 0x000002b280815310 code [0x000002b2808154a0, 0x000002b280815678]
Event: 56.177 Thread 0x000002b2ff5b9370 1364       3       java.io.DataOutputStream::writeByte (14 bytes)
Event: 56.177 Thread 0x000002b2ff5b9370 nmethod 1364 0x000002b280815790 code [0x000002b280815940, 0x000002b280815bc8]

GC Heap History (12 events):
Event: 1.090 GC heap before
{Heap before GC invocations=0 (full 0):
 garbage-first heap   total 126976K, used 22528K [0x0000000084c00000, 0x0000000100000000)
  region size 1024K, 23 young (23552K), 0 survivors (0K)
 Metaspace       used 5407K, committed 5568K, reserved 1056768K
  class space    used 396K, committed 512K, reserved 1048576K
}
Event: 1.106 GC heap after
{Heap after GC invocations=1 (full 0):
 garbage-first heap   total 126976K, used 5967K [0x0000000084c00000, 0x0000000100000000)
  region size 1024K, 3 young (3072K), 3 survivors (3072K)
 Metaspace       used 5407K, committed 5568K, reserved 1056768K
  class space    used 396K, committed 512K, reserved 1048576K
}
Event: 1.376 GC heap before
{Heap before GC invocations=1 (full 0):
 garbage-first heap   total 126976K, used 69455K [0x0000000084c00000, 0x0000000100000000)
  region size 1024K, 30 young (30720K), 3 survivors (3072K)
 Metaspace       used 6106K, committed 6336K, reserved 1056768K
  class space    used 459K, committed 576K, reserved 1048576K
}
Event: 1.435 GC heap after
{Heap after GC invocations=2 (full 0):
 garbage-first heap   total 126976K, used 44912K [0x0000000084c00000, 0x0000000100000000)
  region size 1024K, 4 young (4096K), 4 survivors (4096K)
 Metaspace       used 6106K, committed 6336K, reserved 1056768K
  class space    used 459K, committed 576K, reserved 1048576K
}
Event: 1.441 GC heap before
{Heap before GC invocations=2 (full 0):
 garbage-first heap   total 126976K, used 65392K [0x0000000084c00000, 0x0000000100000000)
  region size 1024K, 20 young (20480K), 4 survivors (4096K)
 Metaspace       used 6106K, committed 6336K, reserved 1056768K
  class space    used 459K, committed 576K, reserved 1048576K
}
Event: 1.461 GC heap after
{Heap after GC invocations=3 (full 0):
 garbage-first heap   total 126976K, used 65536K [0x0000000084c00000, 0x0000000100000000)
  region size 1024K, 3 young (3072K), 3 survivors (3072K)
 Metaspace       used 6106K, committed 6336K, reserved 1056768K
  class space    used 459K, committed 576K, reserved 1048576K
}
Event: 1.463 GC heap before
{Heap before GC invocations=3 (full 0):
 garbage-first heap   total 126976K, used 67584K [0x0000000084c00000, 0x0000000100000000)
  region size 1024K, 6 young (6144K), 3 survivors (3072K)
 Metaspace       used 6106K, committed 6336K, reserved 1056768K
  class space    used 459K, committed 576K, reserved 1048576K
}
Event: 1.470 GC heap after
{Heap after GC invocations=4 (full 0):
 garbage-first heap   total 126976K, used 68731K [0x0000000084c00000, 0x0000000100000000)
  region size 1024K, 3 young (3072K), 3 survivors (3072K)
 Metaspace       used 6106K, committed 6336K, reserved 1056768K
  class space    used 459K, committed 576K, reserved 1048576K
}
Event: 1.547 GC heap before
{Heap before GC invocations=5 (full 0):
 garbage-first heap   total 135168K, used 84091K [0x0000000084c00000, 0x0000000100000000)
  region size 1024K, 16 young (16384K), 3 survivors (3072K)
 Metaspace       used 6125K, committed 6336K, reserved 1056768K
  class space    used 459K, committed 576K, reserved 1048576K
}
Event: 1.564 GC heap after
{Heap after GC invocations=6 (full 0):
 garbage-first heap   total 135168K, used 83968K [0x0000000084c00000, 0x0000000100000000)
  region size 1024K, 2 young (2048K), 2 survivors (2048K)
 Metaspace       used 6125K, committed 6336K, reserved 1056768K
  class space    used 459K, committed 576K, reserved 1048576K
}
Event: 1.574 GC heap before
{Heap before GC invocations=6 (full 0):
 garbage-first heap   total 135168K, used 94208K [0x0000000084c00000, 0x0000000100000000)
  region size 1024K, 12 young (12288K), 2 survivors (2048K)
 Metaspace       used 6125K, committed 6336K, reserved 1056768K
  class space    used 459K, committed 576K, reserved 1048576K
}
Event: 1.592 GC heap after
{Heap after GC invocations=7 (full 0):
 garbage-first heap   total 405504K, used 94720K [0x0000000084c00000, 0x0000000100000000)
  region size 1024K, 2 young (2048K), 2 survivors (2048K)
 Metaspace       used 6125K, committed 6336K, reserved 1056768K
  class space    used 459K, committed 576K, reserved 1048576K
}

Deoptimization events (20 events):
Event: 1.814 Thread 0x000002b2f4401c20 Uncommon trap: trap_request=0xffffff45 fr.pc=0x000002b287b4bf60 relative=0x00000000000001c0
Event: 1.814 Thread 0x000002b2f4401c20 Uncommon trap: reason=unstable_if action=reinterpret pc=0x000002b287b4bf60 method=com.badlogic.gdx.graphics.g2d.SpriteBatch.draw(Lcom/badlogic/gdx/graphics/Texture;[FII)V @ 33 c2
Event: 1.814 Thread 0x000002b2f4401c20 DEOPT PACKING pc=0x000002b287b4bf60 sp=0x000000cc106ff090
Event: 1.814 Thread 0x000002b2f4401c20 DEOPT UNPACKING pc=0x000002b280055c23 sp=0x000000cc106ff060 mode 2
Event: 1.820 Thread 0x000002b2f4401c20 DEOPT PACKING pc=0x000002b2807cd32c sp=0x000000cc106fefd0
Event: 1.820 Thread 0x000002b2f4401c20 DEOPT UNPACKING pc=0x000002b280056763 sp=0x000000cc106fe3f8 mode 0
Event: 1.992 Thread 0x000002b2f4401c20 Uncommon trap: trap_request=0xffffff45 fr.pc=0x000002b287b52614 relative=0x0000000000000b74
Event: 1.992 Thread 0x000002b2f4401c20 Uncommon trap: reason=unstable_if action=reinterpret pc=0x000002b287b52614 method=com.badlogic.gdx.maps.tiled.renderers.OrthogonalTiledMapRenderer.renderTileLayer(Lcom/badlogic/gdx/maps/tiled/TiledMapTileLayer;)V @ 234 c2
Event: 1.992 Thread 0x000002b2f4401c20 DEOPT PACKING pc=0x000002b287b52614 sp=0x000000cc106feff0
Event: 1.992 Thread 0x000002b2f4401c20 DEOPT UNPACKING pc=0x000002b280055c23 sp=0x000000cc106feef8 mode 2
Event: 2.054 Thread 0x000002b2f4401c20 DEOPT PACKING pc=0x000002b2807ed154 sp=0x000000cc106fefd0
Event: 2.054 Thread 0x000002b2f4401c20 DEOPT UNPACKING pc=0x000002b280056763 sp=0x000000cc106fe3f8 mode 0
Event: 2.096 Thread 0x000002b2f4401c20 DEOPT PACKING pc=0x000002b2807ed154 sp=0x000000cc106fefd0
Event: 2.096 Thread 0x000002b2f4401c20 DEOPT UNPACKING pc=0x000002b280056763 sp=0x000000cc106fe3f8 mode 0
Event: 2.152 Thread 0x000002b2f4401c20 DEOPT PACKING pc=0x000002b2807ed154 sp=0x000000cc106fefd0
Event: 2.152 Thread 0x000002b2f4401c20 DEOPT UNPACKING pc=0x000002b280056763 sp=0x000000cc106fe3f8 mode 0
Event: 2.205 Thread 0x000002b2f4401c20 DEOPT PACKING pc=0x000002b2807ed154 sp=0x000000cc106fefd0
Event: 2.205 Thread 0x000002b2f4401c20 DEOPT UNPACKING pc=0x000002b280056763 sp=0x000000cc106fe3f8 mode 0
Event: 2.249 Thread 0x000002b2f4401c20 DEOPT PACKING pc=0x000002b2807ed154 sp=0x000000cc106fefd0
Event: 2.249 Thread 0x000002b2f4401c20 DEOPT UNPACKING pc=0x000002b280056763 sp=0x000000cc106fe3f8 mode 0

Classes unloaded (0 events):
No events

Classes redefined (0 events):
No events

Internal exceptions (20 events):
Event: 0.451 Thread 0x000002b2f4401c20 Exception <a 'java/lang/NoSuchMethodError'{0x000000008b90b1f8}: 'int java.lang.invoke.DirectMethodHandle$Holder.invokeSpecial(java.lang.Object, java.lang.Object, java.lang.Object)'> (0x000000008b90b1f8) 
thrown [s\src\hotspot\share\interpreter\linkResolver.cpp, line 759]
Event: 0.475 Thread 0x000002b2f4401c20 Exception <a 'sun/nio/fs/WindowsException'{0x000000008b9d8550}> (0x000000008b9d8550) 
thrown [s\src\hotspot\share\prims\jni.cpp, line 516]
Event: 0.475 Thread 0x000002b2f4401c20 Exception <a 'sun/nio/fs/WindowsException'{0x000000008b9d9c10}> (0x000000008b9d9c10) 
thrown [s\src\hotspot\share\prims\jni.cpp, line 516]
Event: 0.485 Thread 0x000002b2f4401c20 Exception <a 'java/lang/NoSuchMethodError'{0x000000008b841820}: 'int java.lang.invoke.DirectMethodHandle$Holder.invokeStaticInit(java.lang.Object, java.lang.Object, int, long)'> (0x000000008b841820) 
thrown [s\src\hotspot\share\interpreter\linkResolver.cpp, line 759]
Event: 0.486 Thread 0x000002b2f4401c20 Exception <a 'java/lang/NoSuchMethodError'{0x000000008b8470e8}: 'java.lang.Object java.lang.invoke.DirectMethodHandle$Holder.newInvokeSpecial(java.lang.Object, java.lang.Object, int)'> (0x000000008b8470e8) 
thrown [s\src\hotspot\share\interpreter\linkResolver.cpp, line 759]
Event: 0.489 Thread 0x000002b2f4401c20 Exception <a 'java/lang/NoSuchMethodError'{0x000000008b85daf0}: 'int java.lang.invoke.DirectMethodHandle$Holder.invokeStaticInit(java.lang.Object, java.lang.Object, long, long)'> (0x000000008b85daf0) 
thrown [s\src\hotspot\share\interpreter\linkResolver.cpp, line 759]
Event: 0.490 Thread 0x000002b2f4401c20 Exception <a 'java/lang/NoSuchMethodError'{0x000000008b863c00}: 'java.lang.Object java.lang.invoke.DirectMethodHandle$Holder.newInvokeSpecial(java.lang.Object, java.lang.Object, long)'> (0x000000008b863c00) 
thrown [s\src\hotspot\share\interpreter\linkResolver.cpp, line 759]
Event: 0.490 Thread 0x000002b2f4401c20 Exception <a 'java/lang/NoSuchMethodError'{0x000000008b867c48}: 'java.lang.Object java.lang.invoke.Invokers$Holder.linkToTargetMethod(java.lang.Object, long, java.lang.Object)'> (0x000000008b867c48) 
thrown [s\src\hotspot\share\interpreter\linkResolver.cpp, line 759]
Event: 0.491 Thread 0x000002b2f4401c20 Exception <a 'java/lang/NoSuchMethodError'{0x000000008b86f360}: 'int java.lang.invoke.DirectMethodHandle$Holder.invokeStaticInit(java.lang.Object, java.lang.Object, java.lang.Object, long)'> (0x000000008b86f360) 
thrown [s\src\hotspot\share\interpreter\linkResolver.cpp, line 759]
Event: 0.512 Thread 0x000002b2f4401c20 Exception <a 'sun/nio/fs/WindowsException'{0x000000008b73db38}> (0x000000008b73db38) 
thrown [s\src\hotspot\share\prims\jni.cpp, line 516]
Event: 0.512 Thread 0x000002b2f4401c20 Exception <a 'sun/nio/fs/WindowsException'{0x000000008b73dec8}> (0x000000008b73dec8) 
thrown [s\src\hotspot\share\prims\jni.cpp, line 516]
Event: 0.540 Thread 0x000002b2f4401c20 Exception <a 'sun/nio/fs/WindowsException'{0x000000008b6211c8}> (0x000000008b6211c8) 
thrown [s\src\hotspot\share\prims\jni.cpp, line 516]
Event: 0.540 Thread 0x000002b2f4401c20 Exception <a 'sun/nio/fs/WindowsException'{0x000000008b621528}> (0x000000008b621528) 
thrown [s\src\hotspot\share\prims\jni.cpp, line 516]
Event: 0.584 Thread 0x000002b2f4401c20 Exception <a 'sun/nio/fs/WindowsException'{0x000000008b6cd7d0}> (0x000000008b6cd7d0) 
thrown [s\src\hotspot\share\prims\jni.cpp, line 516]
Event: 0.584 Thread 0x000002b2f4401c20 Exception <a 'sun/nio/fs/WindowsException'{0x000000008b6cdb50}> (0x000000008b6cdb50) 
thrown [s\src\hotspot\share\prims\jni.cpp, line 516]
Event: 0.834 Thread 0x000002b2f4401c20 Exception <a 'java/lang/NoSuchMethodError'{0x000000008b524ec0}: 'java.lang.Object java.lang.invoke.DirectMethodHandle$Holder.newInvokeSpecial(java.lang.Object, long)'> (0x000000008b524ec0) 
thrown [s\src\hotspot\share\interpreter\linkResolver.cpp, line 759]
Event: 0.997 Thread 0x000002b2f4401c20 Exception <a 'sun/nio/fs/WindowsException'{0x000000008b498aa0}> (0x000000008b498aa0) 
thrown [s\src\hotspot\share\prims\jni.cpp, line 516]
Event: 0.997 Thread 0x000002b2f4401c20 Exception <a 'sun/nio/fs/WindowsException'{0x000000008b498e48}> (0x000000008b498e48) 
thrown [s\src\hotspot\share\prims\jni.cpp, line 516]
Event: 1.002 Thread 0x000002b2f4401c20 Exception <a 'sun/nio/fs/WindowsException'{0x000000008b4a42d8}> (0x000000008b4a42d8) 
thrown [s\src\hotspot\share\prims\jni.cpp, line 516]
Event: 1.002 Thread 0x000002b2f4401c20 Exception <a 'sun/nio/fs/WindowsException'{0x000000008b4a45b8}> (0x000000008b4a45b8) 
thrown [s\src\hotspot\share\prims\jni.cpp, line 516]

VM Operations (20 events):
Event: 1.435 Executing VM operation: G1CollectForAllocation done
Event: 1.441 Executing VM operation: G1CollectForAllocation
Event: 1.461 Executing VM operation: G1CollectForAllocation done
Event: 1.463 Executing VM operation: G1TryInitiateConcMark
Event: 1.470 Executing VM operation: G1TryInitiateConcMark done
Event: 1.504 Executing VM operation: G1Concurrent
Event: 1.506 Executing VM operation: G1Concurrent done
Event: 1.530 Executing VM operation: G1Concurrent
Event: 1.531 Executing VM operation: G1Concurrent done
Event: 1.547 Executing VM operation: G1CollectForAllocation
Event: 1.564 Executing VM operation: G1CollectForAllocation done
Event: 1.574 Executing VM operation: G1CollectForAllocation
Event: 1.592 Executing VM operation: G1CollectForAllocation done
Event: 1.604 Executing VM operation: G1Concurrent
Event: 1.605 Executing VM operation: G1Concurrent done
Event: 1.613 Executing VM operation: G1Concurrent
Event: 1.614 Executing VM operation: G1Concurrent done
Event: 2.627 Executing VM operation: Cleanup
Event: 2.628 Executing VM operation: Cleanup done
Event: 56.187 Executing VM operation: Exit

Events (20 events):
Event: 56.174 loading class com/intellij/rt/coverage/data/JumpsAndSwitches
Event: 56.176 loading class com/intellij/rt/coverage/data/JumpsAndSwitches done
Event: 56.177 loading class com/intellij/rt/coverage/util/ReportSectionsUtil
Event: 56.178 loading class com/intellij/rt/coverage/util/ReportSectionsUtil done
Event: 56.178 loading class com/intellij/rt/coverage/util/UncoveredBranchesSection
Event: 56.178 loading class com/intellij/rt/coverage/util/ClassListSection
Event: 56.178 loading class com/intellij/rt/coverage/util/ReportSection
Event: 56.179 loading class com/intellij/rt/coverage/util/ReportSection done
Event: 56.179 loading class com/intellij/rt/coverage/util/ClassListSection done
Event: 56.179 loading class com/intellij/rt/coverage/util/UncoveredBranchesSection done
Event: 56.179 loading class com/intellij/rt/coverage/util/InstructionsSection
Event: 56.180 loading class com/intellij/rt/coverage/util/InstructionsSection done
Event: 56.180 loading class java/util/LinkedHashMap$LinkedValues
Event: 56.182 loading class java/util/LinkedHashMap$LinkedValues done
Event: 56.182 loading class java/util/LinkedHashMap$LinkedValueIterator
Event: 56.183 loading class java/util/LinkedHashMap$LinkedValueIterator done
Event: 56.183 loading class java/io/FileOutputStream$1
Event: 56.184 loading class java/io/FileOutputStream$1 done
Event: 56.185 Thread 0x000002b2946cf3e0 Thread exited: 0x000002b2946cf3e0
Event: 56.187 Thread 0x000002b2ff5b1b70 Thread exited: 0x000002b2ff5b1b70


Dynamic libraries:
0x00007ff6dd3a0000 - 0x00007ff6dd3ae000 	C:\Program Files\Eclipse Adoptium\jdk-17.0.4.101-hotspot\bin\java.exe
0x00007ffe5ad10000 - 0x00007ffe5af27000 	C:\WINDOWS\SYSTEM32\ntdll.dll
0x00007ffe5a130000 - 0x00007ffe5a1f3000 	C:\WINDOWS\System32\KERNEL32.DLL
0x00007ffe58730000 - 0x00007ffe58ace000 	C:\WINDOWS\System32\KERNELBASE.dll
0x00007ffe54e20000 - 0x00007ffe54eb6000 	C:\WINDOWS\SYSTEM32\apphelp.dll
0x00007ffe58460000 - 0x00007ffe58577000 	C:\WINDOWS\System32\ucrtbase.dll
0x00007ffe3e6f0000 - 0x00007ffe3e709000 	C:\Program Files\Eclipse Adoptium\jdk-17.0.4.101-hotspot\bin\VCRUNTIME140.dll
0x00007ffe40900000 - 0x00007ffe40918000 	C:\Program Files\Eclipse Adoptium\jdk-17.0.4.101-hotspot\bin\jli.dll
0x00007ffe58dd0000 - 0x00007ffe58f7a000 	C:\WINDOWS\System32\USER32.dll
0x00007ffe58580000 - 0x00007ffe585a6000 	C:\WINDOWS\System32\win32u.dll
0x00007ffe40b60000 - 0x00007ffe40df1000 	C:\WINDOWS\WinSxS\amd64_microsoft.windows.common-controls_6595b64144ccf1df_6.0.25247.1000_none_7aedc753f2a8b3d1\COMCTL32.dll
0x00007ffe59ec0000 - 0x00007ffe59f67000 	C:\WINDOWS\System32\msvcrt.dll
0x00007ffe5aa50000 - 0x00007ffe5aa79000 	C:\WINDOWS\System32\GDI32.dll
0x00007ffe58340000 - 0x00007ffe58457000 	C:\WINDOWS\System32\gdi32full.dll
0x00007ffe580e0000 - 0x00007ffe5817a000 	C:\WINDOWS\System32\msvcp_win.dll
0x00007ffe5aa00000 - 0x00007ffe5aa30000 	C:\WINDOWS\System32\IMM32.DLL
0x00007ffe43a50000 - 0x00007ffe43a5c000 	C:\Program Files\Eclipse Adoptium\jdk-17.0.4.101-hotspot\bin\vcruntime140_1.dll
0x00007ffe2b4e0000 - 0x00007ffe2b571000 	C:\Program Files\Eclipse Adoptium\jdk-17.0.4.101-hotspot\bin\msvcp140.dll
0x00007ffdff830000 - 0x00007ffe00476000 	C:\Program Files\Eclipse Adoptium\jdk-17.0.4.101-hotspot\bin\server\jvm.dll
0x00007ffe58b60000 - 0x00007ffe58c0d000 	C:\WINDOWS\System32\ADVAPI32.dll
0x00007ffe5aa80000 - 0x00007ffe5ab26000 	C:\WINDOWS\System32\sechost.dll
0x00007ffe59a00000 - 0x00007ffe59b27000 	C:\WINDOWS\System32\RPCRT4.dll
0x00007ffe59880000 - 0x00007ffe59888000 	C:\WINDOWS\System32\PSAPI.DLL
0x00007ffe4ea50000 - 0x00007ffe4ea85000 	C:\WINDOWS\SYSTEM32\WINMM.dll
0x00007ffe54d40000 - 0x00007ffe54d49000 	C:\WINDOWS\SYSTEM32\WSOCK32.dll
0x00007ffe58d50000 - 0x00007ffe58dbf000 	C:\WINDOWS\System32\WS2_32.dll
0x00007ffe4cfd0000 - 0x00007ffe4cfda000 	C:\WINDOWS\SYSTEM32\VERSION.dll
0x00007ffe57080000 - 0x00007ffe57098000 	C:\WINDOWS\SYSTEM32\kernel.appcore.dll
0x00007ffe43770000 - 0x00007ffe4377a000 	C:\Program Files\Eclipse Adoptium\jdk-17.0.4.101-hotspot\bin\jimage.dll
0x00007ffe55820000 - 0x00007ffe55a52000 	C:\WINDOWS\SYSTEM32\DBGHELP.DLL
0x00007ffe59b30000 - 0x00007ffe59eb7000 	C:\WINDOWS\System32\combase.dll
0x00007ffe59920000 - 0x00007ffe599f8000 	C:\WINDOWS\System32\OLEAUT32.dll
0x00007ffe416a0000 - 0x00007ffe416d2000 	C:\WINDOWS\SYSTEM32\dbgcore.DLL
0x00007ffe582c0000 - 0x00007ffe58339000 	C:\WINDOWS\System32\bcryptPrimitives.dll
0x00007ffe4ec00000 - 0x00007ffe4ec0e000 	C:\Program Files\Eclipse Adoptium\jdk-17.0.4.101-hotspot\bin\instrument.dll
0x00007ffe362e0000 - 0x00007ffe36305000 	C:\Program Files\Eclipse Adoptium\jdk-17.0.4.101-hotspot\bin\java.dll
0x00007ffe36210000 - 0x00007ffe36228000 	C:\Program Files\Eclipse Adoptium\jdk-17.0.4.101-hotspot\bin\zip.dll
0x00007ffe153d0000 - 0x00007ffe154a6000 	C:\Program Files\Eclipse Adoptium\jdk-17.0.4.101-hotspot\bin\jsvml.dll
0x00007ffe59040000 - 0x00007ffe5982d000 	C:\WINDOWS\System32\SHELL32.dll
0x00007ffe56010000 - 0x00007ffe568aa000 	C:\WINDOWS\SYSTEM32\windows.storage.dll
0x00007ffe55e80000 - 0x00007ffe5600d000 	C:\WINDOWS\SYSTEM32\wintypes.dll
0x00007ffe5a2d0000 - 0x00007ffe5a3bb000 	C:\WINDOWS\System32\SHCORE.dll
0x00007ffe598c0000 - 0x00007ffe5991e000 	C:\WINDOWS\System32\shlwapi.dll
0x00007ffe58000000 - 0x00007ffe58021000 	C:\WINDOWS\SYSTEM32\profapi.dll
0x00007ffe3d430000 - 0x00007ffe3d449000 	C:\Program Files\Eclipse Adoptium\jdk-17.0.4.101-hotspot\bin\net.dll
0x00007ffe4fb80000 - 0x00007ffe4fcae000 	C:\WINDOWS\SYSTEM32\WINHTTP.dll
0x00007ffe575a0000 - 0x00007ffe57609000 	C:\WINDOWS\system32\mswsock.dll
0x00007ffe39810000 - 0x00007ffe39825000 	C:\Program Files\Eclipse Adoptium\jdk-17.0.4.101-hotspot\bin\nio.dll
0x00007ffe41b30000 - 0x00007ffe41b4a000 	C:\Program Files\JetBrains\IntelliJ IDEA Community Edition 2022.1.2\bin\breakgen64.dll
0x0000000076da0000 - 0x0000000076dc9000 	C:\Users\pk264\AppData\Local\Temp\libgdxpk264\e787ab0a\gdx64.dll
0x00007ffe12090000 - 0x00007ffe12105000 	C:\Users\pk264\AppData\Local\Temp\lwjglpk264\3.3.1-build-7\lwjgl.dll
0x00007ffdf62e0000 - 0x00007ffdf6539000 	C:\Users\pk264\AppData\Local\Temp\lwjglpk264\3.3.1-build-7\jemalloc.dll
0x00007ffe15b20000 - 0x00007ffe15b81000 	C:\Users\pk264\AppData\Local\Temp\lwjglpk264\3.3.1-build-7\glfw.dll
0x00007ffe32410000 - 0x00007ffe32456000 	C:\WINDOWS\SYSTEM32\dinput8.dll
0x00007ffe41620000 - 0x00007ffe41631000 	C:\WINDOWS\SYSTEM32\xinput1_4.dll
0x00007ffe57d90000 - 0x00007ffe57dbc000 	C:\WINDOWS\SYSTEM32\DEVOBJ.dll
0x00007ffe57dc0000 - 0x00007ffe57e0e000 	C:\WINDOWS\SYSTEM32\cfgmgr32.dll
0x00007ffe55280000 - 0x00007ffe552ad000 	C:\WINDOWS\SYSTEM32\dwmapi.dll
0x00007ffe40960000 - 0x00007ffe40b56000 	C:\WINDOWS\SYSTEM32\inputhost.dll
0x00007ffe54a20000 - 0x00007ffe54b55000 	C:\WINDOWS\SYSTEM32\CoreMessaging.dll
0x00007ffe55050000 - 0x00007ffe550f9000 	C:\WINDOWS\system32\uxtheme.dll
0x00007ffe58c10000 - 0x00007ffe58d46000 	C:\WINDOWS\System32\MSCTF.dll
0x00007ffe57840000 - 0x00007ffe5784c000 	C:\WINDOWS\SYSTEM32\CRYPTBASE.DLL
0x00007ffdf6140000 - 0x00007ffdf62d7000 	C:\Users\pk264\AppData\Local\Temp\lwjglpk264\3.3.1-build-7\OpenAL.dll
0x00007ffe5ab30000 - 0x00007ffe5accd000 	C:\WINDOWS\System32\ole32.dll
0x00007ffe5a070000 - 0x00007ffe5a120000 	C:\WINDOWS\System32\clbcatq.dll
0x00007ffe4c040000 - 0x00007ffe4c0de000 	C:\WINDOWS\System32\MMDevApi.dll
0x00007ffe48890000 - 0x00007ffe48a5a000 	C:\WINDOWS\SYSTEM32\AUDIOSES.DLL
0x00007ffe555d0000 - 0x00007ffe555e6000 	C:\WINDOWS\SYSTEM32\resourcepolicyclient.dll
0x00007ffe57a10000 - 0x00007ffe57a5d000 	C:\WINDOWS\SYSTEM32\powrprof.dll
0x00007ffe57970000 - 0x00007ffe57983000 	C:\WINDOWS\SYSTEM32\UMPDC.dll
0x00007ffe3f100000 - 0x00007ffe3f206000 	C:\WINDOWS\SYSTEM32\opengl32.dll
0x00007ffe3f330000 - 0x00007ffe3f35d000 	C:\WINDOWS\SYSTEM32\GLU32.dll
0x00007ffe55130000 - 0x00007ffe55166000 	C:\WINDOWS\SYSTEM32\dxcore.dll
0x00007ffe52000000 - 0x00007ffe52048000 	C:\WINDOWS\SYSTEM32\directxdatabasehelper.dll
0x00007ffe4cb10000 - 0x00007ffe4cb2a000 	C:\WINDOWS\SYSTEM32\windows.staterepositorycore.dll
0x00007ffdd1f10000 - 0x00007ffdd2fb9000 	C:\Windows\System32\DriverStore\FileRepository\24_asus_tgl-up3_iigd_dch.inf_amd64_052cbc380c44ea67\igxelpicd64.dll
0x00007ffe55170000 - 0x00007ffe55265000 	C:\WINDOWS\system32\dxgi.dll
0x00007ffe11550000 - 0x00007ffe11674000 	C:\Windows\System32\DriverStore\FileRepository\24_asus_tgl-up3_iigd_dch.inf_amd64_052cbc380c44ea67\igdml64.dll
0x00007ffe4c690000 - 0x00007ffe4caa2000 	C:\Windows\System32\DriverStore\FileRepository\24_asus_tgl-up3_iigd_dch.inf_amd64_052cbc380c44ea67\igdgmm64.dll
0x00007ffe58180000 - 0x00007ffe581f0000 	C:\WINDOWS\System32\WINTRUST.dll
0x00007ffe585b0000 - 0x00007ffe5871f000 	C:\WINDOWS\System32\CRYPT32.dll
0x00007ffe57890000 - 0x00007ffe578a1000 	C:\WINDOWS\SYSTEM32\MSASN1.dll
0x00007ffe43c30000 - 0x00007ffe4806e000 	C:\Windows\System32\DriverStore\FileRepository\24_asus_tgl-up3_iigd_dch.inf_amd64_052cbc380c44ea67\igc64.dll
0x00007ffe168b0000 - 0x00007ffe1690d000 	C:\Users\pk264\AppData\Local\Temp\lwjglpk264\3.3.1-build-7\lwjgl_opengl.dll
0x00007ffe43630000 - 0x00007ffe43760000 	C:\WINDOWS\SYSTEM32\textinputframework.dll
0x00007ffe51920000 - 0x00007ffe51c8e000 	C:\WINDOWS\SYSTEM32\CoreUIComponents.dll

dbghelp: loaded successfully - version: 4.0.5 - missing functions: none
symbol engine: initialized successfully - sym options: 0x614 - pdb path: .;C:\Program Files\Eclipse Adoptium\jdk-17.0.4.101-hotspot\bin;C:\WINDOWS\SYSTEM32;C:\WINDOWS\WinSxS\amd64_microsoft.windows.common-controls_6595b64144ccf1df_6.0.25247.1000_none_7aedc753f2a8b3d1;C:\Program Files\Eclipse Adoptium\jdk-17.0.4.101-hotspot\bin\server;C:\Program Files\JetBrains\IntelliJ IDEA Community Edition 2022.1.2\bin;C:\Users\pk264\AppData\Local\Temp\libgdxpk264\e787ab0a;C:\Users\pk264\AppData\Local\Temp\lwjglpk264\3.3.1-build-7;C:\Windows\System32\DriverStore\FileRepository\24_asus_tgl-up3_iigd_dch.inf_amd64_052cbc380c44ea67

VM Arguments:
jvm_args: -javaagent:C:\Users\pk264\AppData\Local\JetBrains\IdeaIC2022.1\testAgent\intellij-coverage-agent-1.0.656.jar=C:\Users\pk264\AppData\Local\Temp\coverage524args -Didea.new.sampling.coverage=true -Dcoverage.ignore.private.constructor.util.class=true -javaagent:C:\Program Files\JetBrains\IntelliJ IDEA Community Edition 2022.1.2\lib\idea_rt.jar=59159:C:\Program Files\JetBrains\IntelliJ IDEA Community Edition 2022.1.2\bin -Dfile.encoding=UTF-8 
java_command: com.mygdx.game.DesktopLauncher
java_class_path (initial): C:\Users\pk264\.anaconda\prac\desktop\build\classes\java\main;C:\Users\pk264\.anaconda\prac\desktop\build\resources\main;C:\Users\pk264\.gradle\caches\modules-2\files-2.1\com.badlogicgames.gdx\gdx-backend-lwjgl3\1.11.0\58a96db4cd349be4292d547856aa1e1c5f065f4e\gdx-backend-lwjgl3-1.11.0.jar;C:\Users\pk264\.gradle\caches\modules-2\files-2.1\com.badlogicgames.gdx\gdx-platform\1.11.0\697fb13eada6d3c6ca648c9788692b0159add126\gdx-platform-1.11.0-natives-desktop.jar;C:\Users\pk264\.gradle\caches\modules-2\files-2.1\com.badlogicgames.gdx\gdx-bullet-platform\1.11.0\2c067b913a306ba26d482075297538ad91cdb88b\gdx-bullet-platform-1.11.0-natives-desktop.jar;C:\Users\pk264\.gradle\caches\modules-2\files-2.1\com.badlogicgames.gdx\gdx-freetype-platform\1.11.0\420e2c2c206843a0d51010be28a141a1eb946235\gdx-freetype-platform-1.11.0-natives-desktop.jar;C:\Users\pk264\.gradle\caches\modules-2\files-2.1\com.badlogicgames.gdx\gdx-box2d-platform\1.11.0\62ff9baa1e57a11e0a4428a38c9660bf9f312fdc\gdx-box2d-platform-1.11.0-natives-desktop.jar;C:\Users\pk264\.anaconda\prac\core\build\classes\java\main;C:\Users\pk264\.gradle\caches\modules-2\files-2.1\com.kotlinnlp\progressindicator\1.0.0\bb4185196616ec741b3b2b9dfe0e126d3b88d601\progressindicator-1.0.0.jar;C:\Users\pk264\.gradle\caches\modules-2\files-2.1\org.jrebirth.af\preloader\8.6.0\7b6e66cafe47c0f25e597c0ff3f0cbab51a892c6\preloader-8.6.0.jar;C:\Users\pk264\.gradle\caches\modules-2\files-2.1\com.twitter\util-class-preloader_2.10\6.34.0\1e1d3e8d96122d840020cee0fef667fb349fbf28\util-class-preloader_2.10-6.34.0.jar;C:\Users\pk264\.gradle\caches\modules-2\files-2.1\com.twitter\util-class-preloader_2.9.2\6.20.0\9b2ea7e00bf4c0ec789b32f350a88fa9a45ca516\util-class-preloader_2.9.2-6.20.0.jar;C:\Users\pk264\.gradle\caches\modules-2\files-2.1\ns-reloader\ns-reloader\1.0.0\bc119c1bb430f677bf0bb9949e040fc96dec9d7f\ns-reloader-1.0.0.jar;C:\Users\pk264\.gradle\caches\modules-2\files-2.1\sitemap\sitemap\0.4.0\2b0b11c7872640c40b4c544
Launcher Type: SUN_STANDARD

[Global flags]
     intx CICompilerCount                          = 4                                         {product} {ergonomic}
     uint ConcGCThreads                            = 2                                         {product} {ergonomic}
     uint G1ConcRefinementThreads                  = 8                                         {product} {ergonomic}
   size_t G1HeapRegionSize                         = 1048576                                   {product} {ergonomic}
    uintx GCDrainStackTargetSize                   = 64                                        {product} {ergonomic}
   size_t InitialHeapSize                          = 130023424                                 {product} {ergonomic}
   size_t MarkStackSize                            = 4194304                                   {product} {ergonomic}
   size_t MaxHeapSize                              = 2067791872                                {product} {ergonomic}
   size_t MaxNewSize                               = 1240465408                                {product} {ergonomic}
   size_t MinHeapDeltaBytes                        = 1048576                                   {product} {ergonomic}
   size_t MinHeapSize                              = 8388608                                   {product} {ergonomic}
    uintx NonNMethodCodeHeapSize                   = 5839372                                {pd product} {ergonomic}
    uintx NonProfiledCodeHeapSize                  = 122909434                              {pd product} {ergonomic}
    uintx ProfiledCodeHeapSize                     = 122909434                              {pd product} {ergonomic}
    uintx ReservedCodeCacheSize                    = 251658240                              {pd product} {ergonomic}
     bool SegmentedCodeCache                       = true                                      {product} {ergonomic}
   size_t SoftMaxHeapSize                          = 2067791872                             {manageable} {ergonomic}
     bool UseCompressedClassPointers               = true                           {product lp64_product} {ergonomic}
     bool UseCompressedOops                        = true                           {product lp64_product} {ergonomic}
     bool UseG1GC                                  = true                                      {product} {ergonomic}
     bool UseLargePagesIndividualAllocation        = false                                  {pd product} {ergonomic}

Logging:
Log output configuration:
 #0: stdout all=off uptime,level,tags
 #1: stderr all=off uptime,level,tags

Environment Variables:
PATH=C:\Program Files\Eclipse Adoptium\jdk-17.0.4.101-hotspot\bin;C:\Program Files\Common Files\Oracle\Java\javapath;C:\WINDOWS\system32;C:\WINDOWS;C:\WINDOWS\System32\Wbem;C:\WINDOWS\System32\WindowsPowerShell\v1.0\;C:\WINDOWS\System32\OpenSSH\;C:\MinGW\bin;C:\Program Files\Git\cmd;C:\Users\pk264\AppData\Local\Programs\Python\Python310;C:\Users\pk264\AppData\Local\Programs\Python\Python310\Scripts;C:\Users\pk264\OneDrive\Desktop\Matlab working space\bin;C:\Users\pk264\AppData\Local\Programs\Python\Python310\Scripts\;C:\Users\pk264\AppData\Local\Programs\Python\Python310\;C:\Users\pk264\AppData\Local\Microsoft\WindowsApps;C:\MinGW\bin;;C:\Program Files\JetBrains\IntelliJ IDEA Community Edition 2022.1\bin;;C:\Users\pk264\AppData\Local\Programs\Microsoft VS Code\bin
USERNAME=pk264
OS=Windows_NT
PROCESSOR_IDENTIFIER=Intel64 Family 6 Model 140 Stepping 1, GenuineIntel
TMP=C:\Users\pk264\AppData\Local\Temp
TEMP=C:\Users\pk264\AppData\Local\Temp



---------------  S Y S T E M  ---------------

OS:
 Windows 11 , 64 bit Build 25247 (10.0.25247.1000)
OS uptime: 0 days 13:53 hours
Hyper-V role detected

CPU: total 8 (initial active 8) (4 cores per cpu, 2 threads per core) family 6 model 140 stepping 1 microcode 0xa4, cx8, cmov, fxsr, ht, mmx, 3dnowpref, sse, sse2, sse3, ssse3, sse4.1, sse4.2, popcnt, lzcnt, tsc, tscinvbit, avx, avx2, aes, erms, clmul, bmi1, bmi2, adx, avx512f, avx512dq, avx512cd, avx512bw, avx512vl, sha, fma, vzeroupper, avx512_vpopcntdq, avx512_vpclmulqdq, avx512_vaes, avx512_vnni, clflush, clflushopt, clwb, avx512_vbmi2, avx512_vbmi, hv

Memory: 4k page, system-wide physical 7886M (1645M free)
TotalPageFile size 18638M (AvailPageFile size 4502M)
current process WorkingSet (physical memory assigned to process): 498M, peak: 784M
current process commit charge ("private bytes"): 806M, peak: 1124M

vm_info: OpenJDK 64-Bit Server VM (17.0.4.1+1) for windows-amd64 JRE (17.0.4.1+1), built on Aug 17 2022 07:42:43 by "temurin" with MS VC++ 16.7 (VS2019)

END.
